2025-10-18 16:36:30: SimpleError: ERR Can't execute 'publish': only (P)SUBSCRIBE / (P)UNSUBSCRIBE / PING / QUIT are allowed in this context
2025-10-18 16:36:30:     at #decodeSimpleError (/home/aglis/AGLIS_Tech/backend/node_modules/@redis/client/dist/lib/RESP/decoder.js:459:13)
2025-10-18 16:36:30:     at #decodeTypeValue (/home/aglis/AGLIS_Tech/backend/node_modules/@redis/client/dist/lib/RESP/decoder.js:104:91)
2025-10-18 16:36:30:     at Decoder.write (/home/aglis/AGLIS_Tech/backend/node_modules/@redis/client/dist/lib/RESP/decoder.js:74:38)
2025-10-18 16:36:30:     at RedisSocket.<anonymous> (/home/aglis/AGLIS_Tech/backend/node_modules/@redis/client/dist/lib/client/index.js:399:37)
2025-10-18 16:36:30:     at RedisSocket.emit (node:events:517:28)
2025-10-18 16:36:30:     at Socket.<anonymous> (/home/aglis/AGLIS_Tech/backend/node_modules/@redis/client/dist/lib/client/socket.js:205:38)
2025-10-18 16:36:30:     at Socket.emit (node:events:517:28)
2025-10-18 16:36:30:     at addChunk (node:internal/streams/readable:368:12)
2025-10-18 16:36:30:     at readableAddChunk (node:internal/streams/readable:341:9)
2025-10-18 16:36:30:     at Readable.push (node:internal/streams/readable:278:10)
2025-10-18 16:36:33: SimpleError: ERR Can't execute 'publish': only (P)SUBSCRIBE / (P)UNSUBSCRIBE / PING / QUIT are allowed in this context
2025-10-18 16:36:33:     at #decodeSimpleError (/home/aglis/AGLIS_Tech/backend/node_modules/@redis/client/dist/lib/RESP/decoder.js:459:13)
2025-10-18 16:36:33:     at #decodeTypeValue (/home/aglis/AGLIS_Tech/backend/node_modules/@redis/client/dist/lib/RESP/decoder.js:104:91)
2025-10-18 16:36:33:     at Decoder.write (/home/aglis/AGLIS_Tech/backend/node_modules/@redis/client/dist/lib/RESP/decoder.js:74:38)
2025-10-18 16:36:33:     at RedisSocket.<anonymous> (/home/aglis/AGLIS_Tech/backend/node_modules/@redis/client/dist/lib/client/index.js:399:37)
2025-10-18 16:36:33:     at RedisSocket.emit (node:events:517:28)
2025-10-18 16:36:33:     at Socket.<anonymous> (/home/aglis/AGLIS_Tech/backend/node_modules/@redis/client/dist/lib/client/socket.js:205:38)
2025-10-18 16:36:33:     at Socket.emit (node:events:517:28)
2025-10-18 16:36:33:     at addChunk (node:internal/streams/readable:368:12)
2025-10-18 16:36:33:     at readableAddChunk (node:internal/streams/readable:341:9)
2025-10-18 16:36:33:     at Readable.push (node:internal/streams/readable:278:10)
2025-10-18 16:36:38: SimpleError: ERR Can't execute 'publish': only (P)SUBSCRIBE / (P)UNSUBSCRIBE / PING / QUIT are allowed in this context
2025-10-18 16:36:38:     at #decodeSimpleError (/home/aglis/AGLIS_Tech/backend/node_modules/@redis/client/dist/lib/RESP/decoder.js:459:13)
2025-10-18 16:36:38:     at #decodeTypeValue (/home/aglis/AGLIS_Tech/backend/node_modules/@redis/client/dist/lib/RESP/decoder.js:104:91)
2025-10-18 16:36:38:     at Decoder.write (/home/aglis/AGLIS_Tech/backend/node_modules/@redis/client/dist/lib/RESP/decoder.js:74:38)
2025-10-18 16:36:38:     at RedisSocket.<anonymous> (/home/aglis/AGLIS_Tech/backend/node_modules/@redis/client/dist/lib/client/index.js:399:37)
2025-10-18 16:36:38:     at RedisSocket.emit (node:events:517:28)
2025-10-18 16:36:38:     at Socket.<anonymous> (/home/aglis/AGLIS_Tech/backend/node_modules/@redis/client/dist/lib/client/socket.js:205:38)
2025-10-18 16:36:38:     at Socket.emit (node:events:517:28)
2025-10-18 16:36:38:     at addChunk (node:internal/streams/readable:368:12)
2025-10-18 16:36:38:     at readableAddChunk (node:internal/streams/readable:341:9)
2025-10-18 16:36:38:     at Readable.push (node:internal/streams/readable:278:10)
