2025-10-18 14:50:57: 🚀 Starting Dedicated Socket.IO Server...
2025-10-18 14:50:57: 📋 Configuration:
2025-10-18 14:50:57:   Port: 3002
2025-10-18 14:50:57:   Redis: 127.0.0.1:6379
2025-10-18 14:50:57: 🔧 CORS: Using production origins from CORS_ORIGIN
2025-10-18 14:50:57: ✅ Socket.IO Server running on port 3002
2025-10-18 14:50:57: 🔌 WebSocket endpoint: ws://localhost:3002/socket.io/
2025-10-18 14:50:57: 📊 Connected users: 0
2025-10-18 14:50:57: ✅ Redis clients connected for Socket.IO adapter
2025-10-18 14:51:12: 🔗 New connection: F7vmpoXAgmwp6_hbAAAC
2025-10-18 14:52:37: 🔌 Socket disconnected: F7vmpoXAgmwp6_hbAAAC (ping timeout)
2025-10-18 14:52:48: 📴 SIGINT received, closing Socket.IO server...
2025-10-18 14:52:50: 🚀 Starting Dedicated Socket.IO Server...
2025-10-18 14:52:50: 📋 Configuration:
2025-10-18 14:52:50:   Port: 3002
2025-10-18 14:52:50:   Redis: 127.0.0.1:6379
2025-10-18 14:52:50: 🔧 CORS: Using production origins from CORS_ORIGIN
2025-10-18 14:52:50: ✅ Socket.IO Server running on port 3002
2025-10-18 14:52:50: 🔌 WebSocket endpoint: ws://localhost:3002/socket.io/
2025-10-18 14:52:50: 📊 Connected users: 0
2025-10-18 14:52:50: ✅ Redis clients connected for Socket.IO adapter
2025-10-18 14:52:55: ✅ Socket.IO: Allowed origin: https://portal.aglis.biz.id
2025-10-18 14:52:55: 🔗 New connection: dZPoR5-QtyhpPrLAAAAB
2025-10-18 14:52:57: ✅ Socket.IO: Allowed origin: https://portal.aglis.biz.id
2025-10-18 14:52:59: 🔌 Socket disconnected: dZPoR5-QtyhpPrLAAAAB (transport close)
2025-10-18 15:17:08: 📴 SIGINT received, closing Socket.IO server...
2025-10-18 15:17:08: ✅ Socket.IO server closed
2025-10-18 15:17:09: 🚀 Starting Dedicated Socket.IO Server...
2025-10-18 15:17:09: 📋 Configuration:
2025-10-18 15:17:09:   Port: 3002
2025-10-18 15:17:09:   Redis: 127.0.0.1:6379
2025-10-18 15:17:09: 🔧 CORS: Using production origins from CORS_ORIGIN
2025-10-18 15:17:09: ✅ Socket.IO Server running on port 3002
2025-10-18 15:17:09: 🔌 WebSocket endpoint: ws://localhost:3002/socket.io/
2025-10-18 15:17:09: 📊 Connected users: 0
2025-10-18 15:17:09: ✅ Redis clients connected for Socket.IO adapter
2025-10-18 16:03:42: ✅ Socket.IO: Allowed origin: https://portal.aglis.biz.id
2025-10-18 16:03:42: 🔗 New connection: t3jmL0TNhMWjpEPFAAAG
2025-10-18 16:03:42: ✅ Socket.IO: Allowed origin: https://portal.aglis.biz.id
2025-10-18 16:03:42: 🔌 Socket disconnected: t3jmL0TNhMWjpEPFAAAG (transport close)
2025-10-18 16:03:42: ✅ Socket.IO: Allowed origin: https://portal.aglis.biz.id
2025-10-18 16:03:42: 🔗 New connection: HtoaRw3W4m76fvFHAAAJ
2025-10-18 16:03:42: ✅ Socket.IO: Allowed origin: https://portal.aglis.biz.id
2025-10-18 16:08:23: 📴 SIGINT received, closing Socket.IO server...
2025-10-18 16:08:23: 🔌 Socket disconnected: HtoaRw3W4m76fvFHAAAJ (server shutting down)
2025-10-18 16:08:25: 🚀 Starting Dedicated Socket.IO Server...
2025-10-18 16:08:25: 📋 Configuration:
2025-10-18 16:08:25:   Port: 3002
2025-10-18 16:08:25:   Redis: 127.0.0.1:6379
2025-10-18 16:08:25: 🔧 CORS: Using production origins from CORS_ORIGIN
2025-10-18 16:08:25: ✅ Socket.IO Server running on port 3002
2025-10-18 16:08:25: 🔌 WebSocket endpoint: ws://localhost:3002/socket.io/
2025-10-18 16:08:25: 📊 Connected users: 0
2025-10-18 16:08:25: ✅ Redis clients connected for Socket.IO adapter
2025-10-18 16:08:25: ✅ Socket.IO: Allowed origin: https://portal.aglis.biz.id
2025-10-18 16:08:25: 🔗 New connection: FMjIXlqzSI_LH00JAAAB
2025-10-18 16:08:25: ✅ Socket.IO: Allowed origin: https://portal.aglis.biz.id
2025-10-18 16:11:37: 🔌 Socket disconnected: FMjIXlqzSI_LH00JAAAB (transport close)
2025-10-18 16:20:42: ✅ Socket.IO: Allowed origin: https://portal.aglis.biz.id
2025-10-18 16:20:42: 🔗 New connection: vXQkp755XJZa4wlrAAAF
2025-10-18 16:20:42: ✅ Socket.IO: Allowed origin: https://portal.aglis.biz.id
2025-10-18 16:20:42: ✅ Socket.IO: Allowed origin: https://portal.aglis.biz.id
2025-10-18 16:20:42: 🔌 Socket disconnected: vXQkp755XJZa4wlrAAAF (transport close)
2025-10-18 16:20:42: ✅ Socket.IO: Allowed origin: https://portal.aglis.biz.id
2025-10-18 16:20:42: 🔗 New connection: JduliK7lwa6Xue7rAAAI
2025-10-18 16:20:42: ✅ Socket.IO: Allowed origin: https://portal.aglis.biz.id
2025-10-18 16:32:02: ✅ Socket.IO: Allowed origin: https://portal.aglis.biz.id
2025-10-18 16:32:02: 🔗 New connection: CJqGBxm48JLmbaLwAAAN
2025-10-18 16:32:02: ✅ Socket.IO: Allowed origin: https://portal.aglis.biz.id
2025-10-18 16:32:02: 🔌 Socket disconnected: CJqGBxm48JLmbaLwAAAN (transport close)
2025-10-18 16:32:02: ✅ Socket.IO: Allowed origin: https://portal.aglis.biz.id
2025-10-18 16:32:02: 🔗 New connection: rTmZ0EzR4OqK1S5-AAAP
2025-10-18 16:32:02: ✅ Socket.IO: Allowed origin: https://portal.aglis.biz.id
2025-10-18 16:32:12: 🔌 Socket disconnected: JduliK7lwa6Xue7rAAAI (transport close)
2025-10-18 16:32:12: ✅ Socket.IO: Allowed origin: https://portal.aglis.biz.id
2025-10-18 16:32:12: ✅ Socket.IO: Allowed origin: https://portal.aglis.biz.id
2025-10-18 16:32:12: 🔗 New connection: 6HSMD5l3i0kVh-CEAAAT
2025-10-18 16:32:12: 🔌 Socket disconnected: 6HSMD5l3i0kVh-CEAAAT (transport close)
2025-10-18 16:32:12: ✅ Socket.IO: Allowed origin: https://portal.aglis.biz.id
2025-10-18 16:32:12: 🔗 New connection: npbQMxJkQqiLlj2lAAAX
2025-10-18 16:32:12: ✅ Socket.IO: Allowed origin: https://portal.aglis.biz.id
2025-10-18 16:32:12: ✅ Socket.IO: Allowed origin: https://portal.aglis.biz.id
2025-10-18 16:32:12: 🔗 New connection: eQeagGxneWEqZkLKAAAb
2025-10-18 16:32:12: ✅ Socket.IO: Allowed origin: https://portal.aglis.biz.id
2025-10-18 16:32:12: ✅ Socket.IO: Allowed origin: https://portal.aglis.biz.id
2025-10-18 16:32:12: 🔌 Socket disconnected: eQeagGxneWEqZkLKAAAb (transport close)
2025-10-18 16:32:12: ✅ Socket.IO: Allowed origin: https://portal.aglis.biz.id
2025-10-18 16:32:12: 🔗 New connection: hv7cx1ZbRKaQl1utAAAh
2025-10-18 16:32:12: ✅ Socket.IO: Allowed origin: https://portal.aglis.biz.id
2025-10-18 16:32:12: ✅ Socket.IO: Allowed origin: https://portal.aglis.biz.id
2025-10-18 16:32:12: 🔗 New connection: uAE8_BNu2ldYCtCHAAAl
2025-10-18 16:32:12: ✅ Socket.IO: Allowed origin: https://portal.aglis.biz.id
2025-10-18 16:32:12: ✅ Socket.IO: Allowed origin: https://portal.aglis.biz.id
2025-10-18 16:32:12: 🔌 Socket disconnected: uAE8_BNu2ldYCtCHAAAl (transport close)
2025-10-18 16:32:12: ✅ Socket.IO: Allowed origin: https://portal.aglis.biz.id
2025-10-18 16:32:12: 🔗 New connection: Zzj8bDacKApDala7AAAr
2025-10-18 16:32:12: ✅ Socket.IO: Allowed origin: https://portal.aglis.biz.id
2025-10-18 16:32:12: ✅ Socket.IO: Allowed origin: https://portal.aglis.biz.id
2025-10-18 16:32:12: 🔗 New connection: jQJfkyguTRNvYAD8AAAv
2025-10-18 16:32:12: ✅ Socket.IO: Allowed origin: https://portal.aglis.biz.id
2025-10-18 16:32:12: ✅ Socket.IO: Allowed origin: https://portal.aglis.biz.id
2025-10-18 16:32:12: 🔌 Socket disconnected: jQJfkyguTRNvYAD8AAAv (transport close)
2025-10-18 16:32:12: ✅ Socket.IO: Allowed origin: https://portal.aglis.biz.id
2025-10-18 16:32:12: 🔗 New connection: 3OtIiuofRo8-fc79AAA1
2025-10-18 16:32:12: ✅ Socket.IO: Allowed origin: https://portal.aglis.biz.id
2025-10-18 16:32:12: ✅ Socket.IO: Allowed origin: https://portal.aglis.biz.id
2025-10-18 16:32:12: 🔗 New connection: hy19Xa8EWVgc1kaEAAA5
2025-10-18 16:32:12: ✅ Socket.IO: Allowed origin: https://portal.aglis.biz.id
2025-10-18 16:32:12: 🔌 Socket disconnected: hy19Xa8EWVgc1kaEAAA5 (transport close)
2025-10-18 16:32:12: ✅ Socket.IO: Allowed origin: https://portal.aglis.biz.id
2025-10-18 16:32:12: 🔗 New connection: xAWPaLuzP6eDIboRAAA_
2025-10-18 16:32:12: ✅ Socket.IO: Allowed origin: https://portal.aglis.biz.id
2025-10-18 16:32:12: ✅ Socket.IO: Allowed origin: https://portal.aglis.biz.id
2025-10-18 16:32:12: 🔗 New connection: Z5mKh_zoLUjhvmsZAABD
2025-10-18 16:32:12: ✅ Socket.IO: Allowed origin: https://portal.aglis.biz.id
2025-10-18 16:32:12: 🔌 Socket disconnected: Z5mKh_zoLUjhvmsZAABD (transport close)
2025-10-18 16:32:12: ✅ Socket.IO: Allowed origin: https://portal.aglis.biz.id
2025-10-18 16:32:12: 🔗 New connection: Hx70bXVi0cUgxqX_AABH
2025-10-18 16:32:12: ✅ Socket.IO: Allowed origin: https://portal.aglis.biz.id
2025-10-18 16:32:13: ✅ Socket.IO: Allowed origin: https://portal.aglis.biz.id
2025-10-18 16:32:13: 🔗 New connection: KxVU_gQDKe5QWgukAABL
2025-10-18 16:32:13: ✅ Socket.IO: Allowed origin: https://portal.aglis.biz.id
2025-10-18 16:32:13: ✅ Socket.IO: Allowed origin: https://portal.aglis.biz.id
2025-10-18 16:32:13: 🔌 Socket disconnected: KxVU_gQDKe5QWgukAABL (transport close)
2025-10-18 16:32:13: ✅ Socket.IO: Allowed origin: https://portal.aglis.biz.id
2025-10-18 16:32:13: 🔗 New connection: ULlHgqjpvXhrdNV0AABR
2025-10-18 16:32:13: ✅ Socket.IO: Allowed origin: https://portal.aglis.biz.id
2025-10-18 16:32:19: 🔌 Socket disconnected: rTmZ0EzR4OqK1S5-AAAP (transport close)
2025-10-18 16:32:20: ✅ Socket.IO: Allowed origin: https://portal.aglis.biz.id
2025-10-18 16:32:20: 🔗 New connection: WrbfiPr0O9zasp6CAABV
2025-10-18 16:32:20: ✅ Socket.IO: Allowed origin: https://portal.aglis.biz.id
2025-10-18 16:32:20: ✅ Socket.IO: Allowed origin: https://portal.aglis.biz.id
2025-10-18 16:32:20: 🔌 Socket disconnected: WrbfiPr0O9zasp6CAABV (transport close)
2025-10-18 16:32:20: ✅ Socket.IO: Allowed origin: https://portal.aglis.biz.id
2025-10-18 16:32:20: 🔗 New connection: CqqaiBkP9mRNHb4BAABZ
2025-10-18 16:32:20: ✅ Socket.IO: Allowed origin: https://portal.aglis.biz.id
2025-10-18 16:32:25: 🔌 Socket disconnected: CqqaiBkP9mRNHb4BAABZ (transport close)
2025-10-18 16:32:31: ✅ Socket.IO: Allowed origin: https://portal.aglis.biz.id
2025-10-18 16:32:31: 🔗 New connection: vHrz-DAfc0fB-241AABd
2025-10-18 16:32:31: ✅ Socket.IO: Allowed origin: https://portal.aglis.biz.id
2025-10-18 16:32:31: ✅ Socket.IO: Allowed origin: https://portal.aglis.biz.id
2025-10-18 16:32:31: 🔌 Socket disconnected: vHrz-DAfc0fB-241AABd (transport close)
2025-10-18 16:32:31: ✅ Socket.IO: Allowed origin: https://portal.aglis.biz.id
2025-10-18 16:32:31: 🔗 New connection: T-74U9yMtrNhdV86AABj
2025-10-18 16:32:31: ✅ Socket.IO: Allowed origin: https://portal.aglis.biz.id
2025-10-18 16:33:37: 🔌 Socket disconnected: npbQMxJkQqiLlj2lAAAX (ping timeout)
2025-10-18 16:33:37: 🔌 Socket disconnected: hv7cx1ZbRKaQl1utAAAh (ping timeout)
2025-10-18 16:33:37: 🔌 Socket disconnected: Zzj8bDacKApDala7AAAr (ping timeout)
2025-10-18 16:33:37: 🔌 Socket disconnected: 3OtIiuofRo8-fc79AAA1 (ping timeout)
2025-10-18 16:33:37: 🔌 Socket disconnected: xAWPaLuzP6eDIboRAAA_ (ping timeout)
2025-10-18 16:33:37: 🔌 Socket disconnected: Hx70bXVi0cUgxqX_AABH (ping timeout)
2025-10-18 16:34:48: 🔌 Socket disconnected: ULlHgqjpvXhrdNV0AABR (transport close)
