2025-10-14T02:42:08: Get ticket error: error: relation "service_types" does not exist
2025-10-14T02:42:08:     at /home/aglis/AGLIS_Tech/backend/node_modules/pg-pool/index.js:45:11
2025-10-14T02:42:08:     at process.processTicksAndRejections (node:internal/process/task_queues:95:5)
2025-10-14T02:42:08:     at async /home/aglis/AGLIS_Tech/backend/src/routes/tickets.js:292:20 {
2025-10-14T02:42:08:   length: 113,
2025-10-14T02:42:08:   severity: 'ERROR',
2025-10-14T02:42:08:   code: '42P01',
2025-10-14T02:42:08:   detail: undefined,
2025-10-14T02:42:08:   hint: undefined,
2025-10-14T02:42:08:   position: '823',
2025-10-14T02:42:08:   internalPosition: undefined,
2025-10-14T02:42:08:   internalQuery: undefined,
2025-10-14T02:42:08:   where: undefined,
2025-10-14T02:42:08:   schema: undefined,
2025-10-14T02:42:08:   table: undefined,
2025-10-14T02:42:08:   column: undefined,
2025-10-14T02:42:08:   dataType: undefined,
2025-10-14T02:42:08:   constraint: undefined,
2025-10-14T02:42:08:   file: 'parse_relation.c',
2025-10-14T02:42:08:   line: '1381',
2025-10-14T02:42:08:   routine: 'parserOpenTable'
2025-10-14T02:42:08: }
2025-10-14T03:54:27: Get ticket error: error: relation "service_types" does not exist
2025-10-14T03:54:27:     at /home/aglis/AGLIS_Tech/backend/node_modules/pg-pool/index.js:45:11
2025-10-14T03:54:27:     at process.processTicksAndRejections (node:internal/process/task_queues:95:5)
2025-10-14T03:54:27:     at async /home/aglis/AGLIS_Tech/backend/src/routes/tickets.js:292:20 {
2025-10-14T03:54:27:   length: 113,
2025-10-14T03:54:27:   severity: 'ERROR',
2025-10-14T03:54:27:   code: '42P01',
2025-10-14T03:54:27:   detail: undefined,
2025-10-14T03:54:27:   hint: undefined,
2025-10-14T03:54:27:   position: '823',
2025-10-14T03:54:27:   internalPosition: undefined,
2025-10-14T03:54:27:   internalQuery: undefined,
2025-10-14T03:54:27:   where: undefined,
2025-10-14T03:54:27:   schema: undefined,
2025-10-14T03:54:27:   table: undefined,
2025-10-14T03:54:27:   column: undefined,
2025-10-14T03:54:27:   dataType: undefined,
2025-10-14T03:54:27:   constraint: undefined,
2025-10-14T03:54:27:   file: 'parse_relation.c',
2025-10-14T03:54:27:   line: '1381',
2025-10-14T03:54:27:   routine: 'parserOpenTable'
2025-10-14T03:54:27: }
2025-10-14T04:02:23: Error: SyntaxError: Unexpected token " in JSON at position 0
2025-10-14T04:02:23:     at JSON.parse (<anonymous>)
2025-10-14T04:02:23:     at createStrictSyntaxError (/home/aglis/AGLIS_Tech/backend/node_modules/body-parser/lib/types/json.js:169:10)
2025-10-14T04:02:23:     at parse (/home/aglis/AGLIS_Tech/backend/node_modules/body-parser/lib/types/json.js:86:15)
2025-10-14T04:02:23:     at /home/aglis/AGLIS_Tech/backend/node_modules/body-parser/lib/read.js:128:18
2025-10-14T04:02:23:     at AsyncResource.runInAsyncScope (node:async_hooks:203:9)
2025-10-14T04:02:23:     at invokeCallback (/home/aglis/AGLIS_Tech/backend/node_modules/raw-body/index.js:238:16)
2025-10-14T04:02:23:     at done (/home/aglis/AGLIS_Tech/backend/node_modules/raw-body/index.js:227:7)
2025-10-14T04:02:23:     at IncomingMessage.onEnd (/home/aglis/AGLIS_Tech/backend/node_modules/raw-body/index.js:287:7)
2025-10-14T04:02:23:     at IncomingMessage.emit (node:events:517:28)
2025-10-14T04:02:23:     at endReadableNT (node:internal/streams/readable:1400:12) {
2025-10-14T04:02:23:   expose: true,
2025-10-14T04:02:23:   statusCode: 400,
2025-10-14T04:02:23:   status: 400,
2025-10-14T04:02:23:   body: '"approved"',
2025-10-14T04:02:23:   type: 'entity.parse.failed'
2025-10-14T04:02:23: }
2025-10-14T07:47:02: Error fetching inventory stock: error: relation "inventory_stock" does not exist
2025-10-14T07:47:02:     at /home/aglis/AGLIS_Tech/backend/node_modules/pg-pool/index.js:45:11
2025-10-14T07:47:02:     at process.processTicksAndRejections (node:internal/process/task_queues:95:5)
2025-10-14T07:47:02:     at async /home/aglis/AGLIS_Tech/backend/src/routes/inventoryStock.js:86:20 {
2025-10-14T07:47:02:   length: 115,
2025-10-14T07:47:02:   severity: 'ERROR',
2025-10-14T07:47:02:   code: '42P01',
2025-10-14T07:47:02:   detail: undefined,
2025-10-14T07:47:02:   hint: undefined,
2025-10-14T07:47:02:   position: '641',
2025-10-14T07:47:02:   internalPosition: undefined,
2025-10-14T07:47:02:   internalQuery: undefined,
2025-10-14T07:47:02:   where: undefined,
2025-10-14T07:47:02:   schema: undefined,
2025-10-14T07:47:02:   table: undefined,
2025-10-14T07:47:02:   column: undefined,
2025-10-14T07:47:02:   dataType: undefined,
2025-10-14T07:47:02:   constraint: undefined,
2025-10-14T07:47:02:   file: 'parse_relation.c',
2025-10-14T07:47:02:   line: '1381',
2025-10-14T07:47:02:   routine: 'parserOpenTable'
2025-10-14T07:47:02: }
2025-10-14T07:47:04: Error fetching inventory stock: error: relation "inventory_stock" does not exist
2025-10-14T07:47:04:     at /home/aglis/AGLIS_Tech/backend/node_modules/pg-pool/index.js:45:11
2025-10-14T07:47:04:     at process.processTicksAndRejections (node:internal/process/task_queues:95:5)
2025-10-14T07:47:04:     at async /home/aglis/AGLIS_Tech/backend/src/routes/inventoryStock.js:86:20 {
2025-10-14T07:47:04:   length: 115,
2025-10-14T07:47:04:   severity: 'ERROR',
2025-10-14T07:47:04:   code: '42P01',
2025-10-14T07:47:04:   detail: undefined,
2025-10-14T07:47:04:   hint: undefined,
2025-10-14T07:47:04:   position: '641',
2025-10-14T07:47:04:   internalPosition: undefined,
2025-10-14T07:47:04:   internalQuery: undefined,
2025-10-14T07:47:04:   where: undefined,
2025-10-14T07:47:04:   schema: undefined,
2025-10-14T07:47:04:   table: undefined,
2025-10-14T07:47:04:   column: undefined,
2025-10-14T07:47:04:   dataType: undefined,
2025-10-14T07:47:04:   constraint: undefined,
2025-10-14T07:47:04:   file: 'parse_relation.c',
2025-10-14T07:47:04:   line: '1381',
2025-10-14T07:47:04:   routine: 'parserOpenTable'
2025-10-14T07:47:04: }
2025-10-14T08:01:12: Error fetching service types: error: column "type_code" does not exist
2025-10-14T08:01:12:     at /home/aglis/AGLIS_Tech/backend/node_modules/pg-pool/index.js:45:11
2025-10-14T08:01:12:     at process.processTicksAndRejections (node:internal/process/task_queues:95:5)
2025-10-14T08:01:12:     at async /home/aglis/AGLIS_Tech/backend/src/routes/serviceTypes.js:79:20 {
2025-10-14T08:01:12:   length: 109,
2025-10-14T08:01:12:   severity: 'ERROR',
2025-10-14T08:01:12:   code: '42703',
2025-10-14T08:01:12:   detail: undefined,
2025-10-14T08:01:12:   hint: undefined,
2025-10-14T08:01:12:   position: '19',
2025-10-14T08:01:12:   internalPosition: undefined,
2025-10-14T08:01:12:   internalQuery: undefined,
2025-10-14T08:01:12:   where: undefined,
2025-10-14T08:01:12:   schema: undefined,
2025-10-14T08:01:12:   table: undefined,
2025-10-14T08:01:12:   column: undefined,
2025-10-14T08:01:12:   dataType: undefined,
2025-10-14T08:01:12:   constraint: undefined,
2025-10-14T08:01:12:   file: 'parse_relation.c',
2025-10-14T08:01:12:   line: '3647',
2025-10-14T08:01:12:   routine: 'errorMissingColumn'
2025-10-14T08:01:12: }
2025-10-14T08:01:16: Error fetching price list: error: relation "service_pricelist" does not exist
2025-10-14T08:01:16:     at /home/aglis/AGLIS_Tech/backend/node_modules/pg-pool/index.js:45:11
2025-10-14T08:01:16:     at process.processTicksAndRejections (node:internal/process/task_queues:95:5)
2025-10-14T08:01:16:     at async /home/aglis/AGLIS_Tech/backend/src/routes/pricelist.js:117:25 {
2025-10-14T08:01:16:   length: 116,
2025-10-14T08:01:16:   severity: 'ERROR',
2025-10-14T08:01:16:   code: '42P01',
2025-10-14T08:01:16:   detail: undefined,
2025-10-14T08:01:16:   hint: undefined,
2025-10-14T08:01:16:   position: '31',
2025-10-14T08:01:16:   internalPosition: undefined,
2025-10-14T08:01:16:   internalQuery: undefined,
2025-10-14T08:01:16:   where: undefined,
2025-10-14T08:01:16:   schema: undefined,
2025-10-14T08:01:16:   table: undefined,
2025-10-14T08:01:16:   column: undefined,
2025-10-14T08:01:16:   dataType: undefined,
2025-10-14T08:01:16:   constraint: undefined,
2025-10-14T08:01:16:   file: 'parse_relation.c',
2025-10-14T08:01:16:   line: '1381',
2025-10-14T08:01:16:   routine: 'parserOpenTable'
2025-10-14T08:01:16: }
2025-10-14T08:01:23: Error fetching ODPs: error: relation "odp" does not exist
2025-10-14T08:01:23:     at /home/aglis/AGLIS_Tech/backend/node_modules/pg-pool/index.js:45:11
2025-10-14T08:01:23:     at process.processTicksAndRejections (node:internal/process/task_queues:95:5)
2025-10-14T08:01:23:     at async /home/aglis/AGLIS_Tech/backend/src/routes/odp.js:78:25 {
2025-10-14T08:01:23:   length: 102,
2025-10-14T08:01:23:   severity: 'ERROR',
2025-10-14T08:01:23:   code: '42P01',
2025-10-14T08:01:23:   detail: undefined,
2025-10-14T08:01:23:   hint: undefined,
2025-10-14T08:01:23:   position: '31',
2025-10-14T08:01:23:   internalPosition: undefined,
2025-10-14T08:01:23:   internalQuery: undefined,
2025-10-14T08:01:23:   where: undefined,
2025-10-14T08:01:23:   schema: undefined,
2025-10-14T08:01:23:   table: undefined,
2025-10-14T08:01:23:   column: undefined,
2025-10-14T08:01:23:   dataType: undefined,
2025-10-14T08:01:23:   constraint: undefined,
2025-10-14T08:01:23:   file: 'parse_relation.c',
2025-10-14T08:01:23:   line: '1381',
2025-10-14T08:01:23:   routine: 'parserOpenTable'
2025-10-14T08:01:23: }
