2025-10-13T08:03:32: 🔧 CORS: Using production origins from CORS_ORIGIN
2025-10-13T08:03:32: ✅ Redis clients connected for Socket.IO adapter
2025-10-13T08:03:32: 🚀 Server running on 0.0.0.0:3001
2025-10-13T08:03:32: 🌍 Environment: production
2025-10-13T08:03:32: 📡 Local access: http://localhost:3001
2025-10-13T08:03:32: 🌐 Network access: http://192.168.121.30:3001
2025-10-13T08:03:32: 📝 CORS origins configured for local network access
2025-10-13T08:03:33: 🔧 CORS: Using production origins from CORS_ORIGIN
2025-10-13T08:03:33: 🚀 Server running on 0.0.0.0:3001
2025-10-13T08:03:33: 🌍 Environment: production
2025-10-13T08:03:33: 📡 Local access: http://localhost:3001
2025-10-13T08:03:33: 🌐 Network access: http://192.168.121.30:3001
2025-10-13T08:03:33: 📝 CORS origins configured for local network access
2025-10-13T08:03:33: ✅ Redis clients connected for Socket.IO adapter
2025-10-13T08:03:43: ✅ Socket.IO: Allowed origin: https://portal.aglis.biz.id
2025-10-13T08:03:45: ✅ Socket.IO: Allowed origin: https://portal.aglis.biz.id
2025-10-13T08:03:45: ✅ Socket.IO: Allowed origin: https://portal.aglis.biz.id
2025-10-13T08:03:46: ✅ Socket.IO: Allowed origin: https://portal.aglis.biz.id
2025-10-13T08:03:46: ✅ Socket.IO: Allowed origin: https://portal.aglis.biz.id
2025-10-13T08:03:47: ✅ Socket.IO: Allowed origin: https://portal.aglis.biz.id
2025-10-13T08:03:47: ✅ Socket.IO: Allowed origin: https://portal.aglis.biz.id
2025-10-13T08:03:48: ✅ Socket.IO: Allowed origin: https://portal.aglis.biz.id
2025-10-13T08:03:57: ✅ Connected to PostgreSQL database
2025-10-13T08:03:57: ✅ Connected to PostgreSQL database
2025-10-13T08:03:57: 127.0.0.1 - - [13/Oct/2025:01:03:57 +0000] "GET /api/notifications?page=1&limit=50&include_archived=false&is_read=false HTTP/1.0" 200 152 "https://portal.aglis.biz.id/registrations" "Mozilla/5.0 (Macintosh; Intel Mac OS X 10_15_7) AppleWebKit/537.36 (KHTML, like Gecko) Chrome/141.0.0.0 Safari/537.36"
2025-10-13T08:04:06: ✅ Socket.IO: Allowed origin: https://portal.aglis.biz.id
2025-10-13T08:04:09: 127.0.0.1 - - [13/Oct/2025:01:04:09 +0000] "GET /api/notifications?page=1&limit=50&include_archived=false&is_read=false HTTP/1.0" 200 152 "https://portal.aglis.biz.id/dashboard" "Mozilla/5.0 (Macintosh; Intel Mac OS X 10_15_7) AppleWebKit/537.36 (KHTML, like Gecko) Chrome/141.0.0.0 Safari/537.36"
2025-10-13T08:04:13: ✅ Socket.IO: Allowed origin: https://portal.aglis.biz.id
2025-10-13T08:04:18: ✅ Socket.IO: Allowed origin: https://portal.aglis.biz.id
2025-10-13T08:04:19: 127.0.0.1 - - [13/Oct/2025:01:04:19 +0000] "GET /api/notifications?page=1&limit=50&include_archived=false&is_read=false HTTP/1.0" 200 152 "https://portal.aglis.biz.id/dashboard" "Mozilla/5.0 (Macintosh; Intel Mac OS X 10_15_7) AppleWebKit/537.36 (KHTML, like Gecko) Chrome/141.0.0.0 Safari/537.36"
2025-10-13T08:04:19: ✅ Socket.IO: Allowed origin: https://portal.aglis.biz.id
2025-10-13T08:04:27: 127.0.0.1 - - [13/Oct/2025:01:04:27 +0000] "GET /api/notifications?page=1&limit=50&include_archived=false&is_read=false HTTP/1.0" 200 152 "https://portal.aglis.biz.id/registrations" "Mozilla/5.0 (Macintosh; Intel Mac OS X 10_15_7) AppleWebKit/537.36 (KHTML, like Gecko) Chrome/141.0.0.0 Safari/537.36"
2025-10-13T08:04:27: ✅ Socket.IO: Allowed origin: https://portal.aglis.biz.id
2025-10-13T08:04:28: ✅ Socket.IO: Allowed origin: https://portal.aglis.biz.id
2025-10-13T08:04:29: ✅ Socket.IO: Allowed origin: https://portal.aglis.biz.id
2025-10-13T08:04:29: ✅ Socket.IO: Allowed origin: https://portal.aglis.biz.id
2025-10-13T08:04:31: ✅ Socket.IO: Allowed origin: https://portal.aglis.biz.id
2025-10-13T08:04:32: ✅ Socket.IO: Allowed origin: https://portal.aglis.biz.id
2025-10-13T08:04:33: ✅ Socket.IO: Allowed origin: https://portal.aglis.biz.id
2025-10-13T08:04:34: ✅ Socket.IO: Allowed origin: https://portal.aglis.biz.id
2025-10-13T08:05:01: 127.0.0.1 - - [13/Oct/2025:01:05:01 +0000] "GET /api/health HTTP/1.0" 404 45 "-" "curl/7.81.0"
2025-10-13T08:05:40: ✅ Connected to PostgreSQL database
2025-10-13T08:05:40: ✅ Connected to PostgreSQL database
2025-10-13T08:05:40: 127.0.0.1 - - [13/Oct/2025:01:05:40 +0000] "GET /api/notifications?page=1&limit=50&include_archived=false&is_read=false HTTP/1.0" 200 152 "https://portal.aglis.biz.id/dashboard" "Mozilla/5.0 (Macintosh; Intel Mac OS X 10_15_7) AppleWebKit/537.36 (KHTML, like Gecko) Chrome/141.0.0.0 Safari/537.36"
2025-10-13T08:05:40: ✅ Socket.IO: Allowed origin: https://portal.aglis.biz.id
2025-10-13T08:05:42: ✅ Socket.IO: Allowed origin: https://portal.aglis.biz.id
2025-10-13T08:05:43: ✅ Socket.IO: Allowed origin: https://portal.aglis.biz.id
2025-10-13T08:05:43: ✅ Socket.IO: Allowed origin: https://portal.aglis.biz.id
2025-10-13T08:05:44: ✅ Socket.IO: Allowed origin: https://portal.aglis.biz.id
2025-10-13T08:05:45: ✅ Socket.IO: Allowed origin: https://portal.aglis.biz.id
2025-10-13T08:05:46: ✅ Socket.IO: Allowed origin: https://portal.aglis.biz.id
2025-10-13T08:05:48: ✅ Socket.IO: Allowed origin: https://portal.aglis.biz.id
2025-10-13T08:05:49: ✅ Socket.IO: Allowed origin: https://portal.aglis.biz.id
2025-10-13T08:05:50: ✅ Socket.IO: Allowed origin: https://portal.aglis.biz.id
2025-10-13T08:05:51: ✅ Socket.IO: Allowed origin: https://portal.aglis.biz.id
2025-10-13T08:05:52: ✅ Socket.IO: Allowed origin: https://portal.aglis.biz.id
2025-10-13T08:05:53: ✅ Socket.IO: Allowed origin: https://portal.aglis.biz.id
2025-10-13T08:05:53: 127.0.0.1 - - [13/Oct/2025:01:05:53 +0000] "GET /api/notifications/settings/preferences HTTP/1.0" 200 422 "https://portal.aglis.biz.id/registrations" "Mozilla/5.0 (Macintosh; Intel Mac OS X 10_15_7) AppleWebKit/537.36 (KHTML, like Gecko) Chrome/141.0.0.0 Safari/537.36"
2025-10-13T08:05:54: ✅ Socket.IO: Allowed origin: https://portal.aglis.biz.id
2025-10-13T08:05:54: ✅ Socket.IO: Allowed origin: https://portal.aglis.biz.id
2025-10-13T08:05:55: ✅ Socket.IO: Allowed origin: https://portal.aglis.biz.id
2025-10-13T08:05:56: ✅ Socket.IO: Allowed origin: https://portal.aglis.biz.id
2025-10-13T08:05:58: 127.0.0.1 - - [13/Oct/2025:01:05:58 +0000] "GET /api/tickets?search=&status=&type=&priority=&page=1&limit=10&sort_by=created_at&sort_order=DESC HTTP/1.0" 200 93 "https://portal.aglis.biz.id/tickets" "Mozilla/5.0 (Macintosh; Intel Mac OS X 10_15_7) AppleWebKit/537.36 (KHTML, like Gecko) Chrome/141.0.0.0 Safari/537.36"
2025-10-13T08:05:59: ✅ Socket.IO: Allowed origin: https://portal.aglis.biz.id
2025-10-13T08:06:00: ✅ Socket.IO: Allowed origin: https://portal.aglis.biz.id
2025-10-13T08:06:01: ✅ Socket.IO: Allowed origin: https://portal.aglis.biz.id
2025-10-13T08:06:03: ✅ Socket.IO: Allowed origin: https://portal.aglis.biz.id
2025-10-13T08:06:04: ✅ Socket.IO: Allowed origin: https://portal.aglis.biz.id
2025-10-13T08:06:05: ✅ Socket.IO: Allowed origin: https://portal.aglis.biz.id
2025-10-13T08:06:05: ✅ Socket.IO: Allowed origin: https://portal.aglis.biz.id
2025-10-13T08:06:06: ✅ Socket.IO: Allowed origin: https://portal.aglis.biz.id
2025-10-13T08:06:07: ✅ Socket.IO: Allowed origin: https://portal.aglis.biz.id
2025-10-13T08:06:08: ✅ Socket.IO: Allowed origin: https://portal.aglis.biz.id
2025-10-13T08:06:08: ✅ Socket.IO: Allowed origin: https://portal.aglis.biz.id
2025-10-13T08:06:09: ✅ Socket.IO: Allowed origin: https://portal.aglis.biz.id
2025-10-13T08:06:09: ✅ Socket.IO: Allowed origin: https://portal.aglis.biz.id
2025-10-13T08:06:10: ✅ Socket.IO: Allowed origin: https://portal.aglis.biz.id
2025-10-13T08:06:10: ✅ Connected to PostgreSQL database
2025-10-13T08:06:10: ✅ Connected to PostgreSQL database
2025-10-13T08:06:10: ✅ Connected to PostgreSQL database
2025-10-13T08:06:10: ✅ Connected to PostgreSQL database
2025-10-13T08:06:10: ✅ Connected to PostgreSQL database
2025-10-13T08:06:10: ✅ Connected to PostgreSQL database
2025-10-13T08:06:10: ✅ Connected to PostgreSQL database
2025-10-13T08:06:10: 127.0.0.1 - - [13/Oct/2025:01:06:10 +0000] "GET /api/analytics/dashboard/overview?timeframe=30 HTTP/1.0" 200 444 "https://portal.aglis.biz.id/dashboard" "Mozilla/5.0 (Macintosh; Intel Mac OS X 10_15_7) AppleWebKit/537.36 (KHTML, like Gecko) Chrome/141.0.0.0 Safari/537.36"
2025-10-13T08:06:12: ✅ Socket.IO: Allowed origin: https://portal.aglis.biz.id
2025-10-13T08:06:12: 127.0.0.1 - - [13/Oct/2025:01:06:12 +0000] "GET /api/analytics/dashboard/overview?timeframe=30 HTTP/1.1" 200 444 "https://portal.aglis.biz.id/dashboard" "Mozilla/5.0 (Macintosh; Intel Mac OS X 10_15_7) AppleWebKit/537.36 (KHTML, like Gecko) Chrome/141.0.0.0 Safari/537.36"
2025-10-13T08:06:12: ✅ Socket.IO: Allowed origin: https://portal.aglis.biz.id
2025-10-13T08:06:14: ✅ Socket.IO: Allowed origin: https://portal.aglis.biz.id
2025-10-13T08:06:14: ✅ Socket.IO: Allowed origin: https://portal.aglis.biz.id
2025-10-13T08:06:15: ✅ Socket.IO: Allowed origin: https://portal.aglis.biz.id
2025-10-13T08:06:15: ✅ Socket.IO: Allowed origin: https://portal.aglis.biz.id
2025-10-13T08:06:16: ✅ Socket.IO: Allowed origin: https://portal.aglis.biz.id
2025-10-13T08:06:16: ✅ Socket.IO: Allowed origin: https://portal.aglis.biz.id
2025-10-13T08:06:16: ✅ Socket.IO: Allowed origin: https://portal.aglis.biz.id
2025-10-13T08:06:17: ✅ Socket.IO: Allowed origin: https://portal.aglis.biz.id
2025-10-13T08:06:17: ✅ Socket.IO: Allowed origin: https://portal.aglis.biz.id
2025-10-13T08:06:18: ✅ Socket.IO: Allowed origin: https://portal.aglis.biz.id
2025-10-13T08:06:18: ✅ Socket.IO: Allowed origin: https://portal.aglis.biz.id
2025-10-13T08:06:18: ✅ Socket.IO: Allowed origin: https://portal.aglis.biz.id
2025-10-13T08:06:19: ✅ Socket.IO: Allowed origin: https://portal.aglis.biz.id
2025-10-13T08:06:19: ✅ Socket.IO: Allowed origin: https://portal.aglis.biz.id
2025-10-13T08:06:20: ✅ Socket.IO: Allowed origin: https://portal.aglis.biz.id
2025-10-13T08:06:21: ✅ Socket.IO: Allowed origin: https://portal.aglis.biz.id
2025-10-13T08:06:21: ✅ Socket.IO: Allowed origin: https://portal.aglis.biz.id
2025-10-13T08:06:22: ✅ Socket.IO: Allowed origin: https://portal.aglis.biz.id
2025-10-13T08:06:22: ✅ Socket.IO: Allowed origin: https://portal.aglis.biz.id
2025-10-13T08:06:23: ✅ Socket.IO: Allowed origin: https://portal.aglis.biz.id
2025-10-13T08:06:23: ✅ Socket.IO: Allowed origin: https://portal.aglis.biz.id
2025-10-13T08:06:25: ✅ Socket.IO: Allowed origin: https://portal.aglis.biz.id
2025-10-13T08:06:27: 127.0.0.1 - - [13/Oct/2025:01:06:27 +0000] "GET /api/analytics/dashboard/recent-activities?limit=50 HTTP/1.1" 200 26 "https://portal.aglis.biz.id/dashboard" "Mozilla/5.0 (Macintosh; Intel Mac OS X 10_15_7) AppleWebKit/537.36 (KHTML, like Gecko) Chrome/141.0.0.0 Safari/537.36"
2025-10-13T08:06:29: ✅ Socket.IO: Allowed origin: https://portal.aglis.biz.id
2025-10-13T08:06:29: ✅ Socket.IO: Allowed origin: https://portal.aglis.biz.id
2025-10-13T08:06:31: ✅ Socket.IO: Allowed origin: https://portal.aglis.biz.id
2025-10-13T08:06:32: ✅ Socket.IO: Allowed origin: https://portal.aglis.biz.id
2025-10-13T08:06:33: ✅ Socket.IO: Allowed origin: https://portal.aglis.biz.id
2025-10-13T08:06:34: ✅ Socket.IO: Allowed origin: https://portal.aglis.biz.id
2025-10-13T08:06:35: ✅ Socket.IO: Allowed origin: https://portal.aglis.biz.id
2025-10-13T08:06:37: ✅ Socket.IO: Allowed origin: https://portal.aglis.biz.id
2025-10-13T08:06:38: ✅ Socket.IO: Allowed origin: https://portal.aglis.biz.id
2025-10-13T08:06:39: ✅ Socket.IO: Allowed origin: https://portal.aglis.biz.id
2025-10-13T08:06:40: ✅ Socket.IO: Allowed origin: https://portal.aglis.biz.id
2025-10-13T08:06:41: ✅ Socket.IO: Allowed origin: https://portal.aglis.biz.id
2025-10-13T08:06:42: ✅ Socket.IO: Allowed origin: https://portal.aglis.biz.id
2025-10-13T08:06:58: ✅ Connected to PostgreSQL database
2025-10-13T08:06:58: 127.0.0.1 - - [13/Oct/2025:01:06:58 +0000] "GET /api/analytics/dashboard/recent-activities?limit=50 HTTP/1.1" 200 26 "https://portal.aglis.biz.id/dashboard" "Mozilla/5.0 (Macintosh; Intel Mac OS X 10_15_7) AppleWebKit/537.36 (KHTML, like Gecko) Chrome/141.0.0.0 Safari/537.36"
2025-10-13T08:06:59: ✅ Socket.IO: Allowed origin: https://portal.aglis.biz.id
2025-10-13T08:07:00: ✅ Socket.IO: Allowed origin: https://portal.aglis.biz.id
2025-10-13T08:07:01: ✅ Socket.IO: Allowed origin: https://portal.aglis.biz.id
2025-10-13T08:07:02: ✅ Socket.IO: Allowed origin: https://portal.aglis.biz.id
2025-10-13T08:07:03: ✅ Socket.IO: Allowed origin: https://portal.aglis.biz.id
2025-10-13T08:07:05: ✅ Socket.IO: Allowed origin: https://portal.aglis.biz.id
2025-10-13T08:07:10: ✅ Socket.IO: Allowed origin: https://portal.aglis.biz.id
2025-10-13T08:07:13: ✅ Connected to PostgreSQL database
2025-10-13T08:07:13: ✅ Connected to PostgreSQL database
2025-10-13T08:07:13: ✅ Connected to PostgreSQL database
2025-10-13T08:07:13: ✅ Connected to PostgreSQL database
2025-10-13T08:07:13: ✅ Connected to PostgreSQL database
2025-10-13T08:07:13: ✅ Connected to PostgreSQL database
2025-10-13T08:07:13: ✅ Connected to PostgreSQL database
2025-10-13T08:07:13: 127.0.0.1 - - [13/Oct/2025:01:07:13 +0000] "GET /api/analytics/dashboard/overview?timeframe=30 HTTP/1.1" 200 444 "https://portal.aglis.biz.id/dashboard" "Mozilla/5.0 (Macintosh; Intel Mac OS X 10_15_7) AppleWebKit/537.36 (KHTML, like Gecko) Chrome/141.0.0.0 Safari/537.36"
2025-10-13T08:07:13: ✅ Socket.IO: Allowed origin: https://portal.aglis.biz.id
2025-10-13T08:07:28: ✅ Socket.IO: Allowed origin: https://portal.aglis.biz.id
2025-10-13T08:07:29: ✅ Socket.IO: Allowed origin: https://portal.aglis.biz.id
2025-10-13T08:07:30: ✅ Socket.IO: Allowed origin: https://portal.aglis.biz.id
2025-10-13T08:07:31: ✅ Socket.IO: Allowed origin: https://portal.aglis.biz.id
2025-10-13T08:07:32: ✅ Socket.IO: Allowed origin: https://portal.aglis.biz.id
2025-10-13T08:07:33: ✅ Socket.IO: Allowed origin: https://portal.aglis.biz.id
2025-10-13T08:07:34: ✅ Socket.IO: Allowed origin: https://portal.aglis.biz.id
2025-10-13T08:07:36: ✅ Socket.IO: Allowed origin: https://portal.aglis.biz.id
2025-10-13T08:07:37: ✅ Socket.IO: Allowed origin: https://portal.aglis.biz.id
2025-10-13T08:07:38: ✅ Socket.IO: Allowed origin: https://portal.aglis.biz.id
2025-10-13T08:07:39: ✅ Socket.IO: Allowed origin: https://portal.aglis.biz.id
2025-10-13T08:07:39: ✅ Socket.IO: Allowed origin: https://portal.aglis.biz.id
2025-10-13T08:07:41: ✅ Socket.IO: Allowed origin: https://portal.aglis.biz.id
2025-10-13T08:07:43: ✅ Connected to PostgreSQL database
2025-10-13T08:07:43: ✅ Connected to PostgreSQL database
2025-10-13T08:07:43: ✅ Connected to PostgreSQL database
2025-10-13T08:07:43: ✅ Connected to PostgreSQL database
2025-10-13T08:07:43: ✅ Connected to PostgreSQL database
2025-10-13T08:07:43: ✅ Connected to PostgreSQL database
2025-10-13T08:07:43: ✅ Connected to PostgreSQL database
2025-10-13T08:07:43: ✅ Connected to PostgreSQL database
2025-10-13T08:07:43: 127.0.0.1 - - [13/Oct/2025:01:07:43 +0000] "GET /api/analytics/dashboard/overview?timeframe=30 HTTP/1.1" 200 444 "https://portal.aglis.biz.id/dashboard" "Mozilla/5.0 (Macintosh; Intel Mac OS X 10_15_7) AppleWebKit/537.36 (KHTML, like Gecko) Chrome/141.0.0.0 Safari/537.36"
2025-10-13T08:07:58: ✅ Socket.IO: Allowed origin: https://portal.aglis.biz.id
2025-10-13T08:07:59: ✅ Socket.IO: Allowed origin: https://portal.aglis.biz.id
2025-10-13T08:07:59: ✅ Socket.IO: Allowed origin: https://portal.aglis.biz.id
2025-10-13T08:08:00: ✅ Socket.IO: Allowed origin: https://portal.aglis.biz.id
2025-10-13T08:08:01: ✅ Socket.IO: Allowed origin: https://portal.aglis.biz.id
2025-10-13T08:08:02: ✅ Socket.IO: Allowed origin: https://portal.aglis.biz.id
2025-10-13T08:08:04: ✅ Socket.IO: Allowed origin: https://portal.aglis.biz.id
2025-10-13T08:08:04: ✅ Socket.IO: Allowed origin: https://portal.aglis.biz.id
2025-10-13T08:08:05: ✅ Socket.IO: Allowed origin: https://portal.aglis.biz.id
2025-10-13T08:08:06: ✅ Socket.IO: Allowed origin: https://portal.aglis.biz.id
2025-10-13T08:08:07: ✅ Socket.IO: Allowed origin: https://portal.aglis.biz.id
2025-10-13T08:08:08: ✅ Socket.IO: Allowed origin: https://portal.aglis.biz.id
2025-10-13T08:08:09: ✅ Socket.IO: Allowed origin: https://portal.aglis.biz.id
2025-10-13T08:08:10: ✅ Socket.IO: Allowed origin: https://portal.aglis.biz.id
2025-10-13T08:08:11: ✅ Socket.IO: Allowed origin: https://portal.aglis.biz.id
2025-10-13T08:08:12: ✅ Socket.IO: Allowed origin: https://portal.aglis.biz.id
2025-10-13T08:08:13: ✅ Connected to PostgreSQL database
2025-10-13T08:08:13: ✅ Connected to PostgreSQL database
2025-10-13T08:08:13: ✅ Connected to PostgreSQL database
2025-10-13T08:08:13: ✅ Connected to PostgreSQL database
2025-10-13T08:08:13: ✅ Connected to PostgreSQL database
2025-10-13T08:08:13: ✅ Connected to PostgreSQL database
2025-10-13T08:08:13: ✅ Connected to PostgreSQL database
2025-10-13T08:08:13: ✅ Connected to PostgreSQL database
2025-10-13T08:08:13: 127.0.0.1 - - [13/Oct/2025:01:08:13 +0000] "GET /api/analytics/dashboard/overview?timeframe=30 HTTP/1.1" 200 444 "https://portal.aglis.biz.id/dashboard" "Mozilla/5.0 (Macintosh; Intel Mac OS X 10_15_7) AppleWebKit/537.36 (KHTML, like Gecko) Chrome/141.0.0.0 Safari/537.36"
2025-10-13T08:08:28: ✅ Socket.IO: Allowed origin: https://portal.aglis.biz.id
2025-10-13T08:08:29: ✅ Socket.IO: Allowed origin: https://portal.aglis.biz.id
2025-10-13T08:08:30: ✅ Socket.IO: Allowed origin: https://portal.aglis.biz.id
2025-10-13T08:08:31: ✅ Socket.IO: Allowed origin: https://portal.aglis.biz.id
2025-10-13T08:08:32: ✅ Socket.IO: Allowed origin: https://portal.aglis.biz.id
2025-10-13T08:08:33: ✅ Socket.IO: Allowed origin: https://portal.aglis.biz.id
2025-10-13T08:08:33: ✅ Socket.IO: Allowed origin: https://portal.aglis.biz.id
2025-10-13T08:08:34: ✅ Socket.IO: Allowed origin: https://portal.aglis.biz.id
2025-10-13T08:08:35: ✅ Socket.IO: Allowed origin: https://portal.aglis.biz.id
2025-10-13T08:08:36: ✅ Socket.IO: Allowed origin: https://portal.aglis.biz.id
2025-10-13T08:08:36: ✅ Socket.IO: Allowed origin: https://portal.aglis.biz.id
2025-10-13T08:08:37: ✅ Socket.IO: Allowed origin: https://portal.aglis.biz.id
2025-10-13T08:08:39: ✅ Socket.IO: Allowed origin: https://portal.aglis.biz.id
2025-10-13T08:08:40: ✅ Socket.IO: Allowed origin: https://portal.aglis.biz.id
2025-10-13T08:08:41: ✅ Socket.IO: Allowed origin: https://portal.aglis.biz.id
2025-10-13T08:08:42: ✅ Socket.IO: Allowed origin: https://portal.aglis.biz.id
2025-10-13T08:08:43: ✅ Connected to PostgreSQL database
2025-10-13T08:08:43: ✅ Connected to PostgreSQL database
2025-10-13T08:08:43: ✅ Connected to PostgreSQL database
2025-10-13T08:08:43: ✅ Connected to PostgreSQL database
2025-10-13T08:08:43: ✅ Connected to PostgreSQL database
2025-10-13T08:08:43: ✅ Connected to PostgreSQL database
2025-10-13T08:08:43: ✅ Connected to PostgreSQL database
2025-10-13T08:08:43: ✅ Connected to PostgreSQL database
2025-10-13T08:08:43: 127.0.0.1 - - [13/Oct/2025:01:08:43 +0000] "GET /api/analytics/dashboard/overview?timeframe=30 HTTP/1.1" 200 444 "https://portal.aglis.biz.id/dashboard" "Mozilla/5.0 (Macintosh; Intel Mac OS X 10_15_7) AppleWebKit/537.36 (KHTML, like Gecko) Chrome/141.0.0.0 Safari/537.36"
2025-10-13T08:08:58: ✅ Socket.IO: Allowed origin: https://portal.aglis.biz.id
2025-10-13T08:08:59: ✅ Socket.IO: Allowed origin: https://portal.aglis.biz.id
2025-10-13T08:09:00: ✅ Socket.IO: Allowed origin: https://portal.aglis.biz.id
2025-10-13T08:09:01: ✅ Socket.IO: Allowed origin: https://portal.aglis.biz.id
2025-10-13T08:09:02: ✅ Socket.IO: Allowed origin: https://portal.aglis.biz.id
2025-10-13T08:09:03: ✅ Socket.IO: Allowed origin: https://portal.aglis.biz.id
2025-10-13T08:09:03: ✅ Socket.IO: Allowed origin: https://portal.aglis.biz.id
2025-10-13T08:09:04: ✅ Socket.IO: Allowed origin: https://portal.aglis.biz.id
2025-10-13T08:09:05: ✅ Socket.IO: Allowed origin: https://portal.aglis.biz.id
2025-10-13T08:09:06: ✅ Socket.IO: Allowed origin: https://portal.aglis.biz.id
2025-10-13T08:09:07: ✅ Socket.IO: Allowed origin: https://portal.aglis.biz.id
2025-10-13T08:09:08: ✅ Socket.IO: Allowed origin: https://portal.aglis.biz.id
2025-10-13T08:09:10: ✅ Socket.IO: Allowed origin: https://portal.aglis.biz.id
2025-10-13T08:09:13: ✅ Socket.IO: Allowed origin: https://portal.aglis.biz.id
2025-10-13T08:09:13: ✅ Connected to PostgreSQL database
2025-10-13T08:09:13: ✅ Connected to PostgreSQL database
2025-10-13T08:09:13: ✅ Connected to PostgreSQL database
2025-10-13T08:09:13: ✅ Connected to PostgreSQL database
2025-10-13T08:09:13: ✅ Connected to PostgreSQL database
2025-10-13T08:09:13: ✅ Connected to PostgreSQL database
2025-10-13T08:09:13: ✅ Connected to PostgreSQL database
2025-10-13T08:09:13: ✅ Connected to PostgreSQL database
2025-10-13T08:09:13: 127.0.0.1 - - [13/Oct/2025:01:09:13 +0000] "GET /api/analytics/dashboard/overview?timeframe=30 HTTP/1.1" 200 444 "https://portal.aglis.biz.id/dashboard" "Mozilla/5.0 (Macintosh; Intel Mac OS X 10_15_7) AppleWebKit/537.36 (KHTML, like Gecko) Chrome/141.0.0.0 Safari/537.36"
2025-10-13T08:09:29: ✅ Socket.IO: Allowed origin: https://portal.aglis.biz.id
2025-10-13T08:09:29: ✅ Socket.IO: Allowed origin: https://portal.aglis.biz.id
2025-10-13T08:09:30: ✅ Socket.IO: Allowed origin: https://portal.aglis.biz.id
2025-10-13T08:09:31: ✅ Socket.IO: Allowed origin: https://portal.aglis.biz.id
2025-10-13T08:09:32: ✅ Socket.IO: Allowed origin: https://portal.aglis.biz.id
2025-10-13T08:09:41: ✅ Socket.IO: Allowed origin: https://portal.aglis.biz.id
2025-10-13T08:09:43: ✅ Socket.IO: Allowed origin: https://portal.aglis.biz.id
2025-10-13T08:09:44: ✅ Socket.IO: Allowed origin: https://portal.aglis.biz.id
2025-10-13T08:09:44: ✅ Socket.IO: Allowed origin: https://portal.aglis.biz.id
2025-10-13T08:09:46: ✅ Socket.IO: Allowed origin: https://portal.aglis.biz.id
2025-10-13T08:09:47: ✅ Socket.IO: Allowed origin: https://portal.aglis.biz.id
2025-10-13T08:09:48: ✅ Socket.IO: Allowed origin: https://portal.aglis.biz.id
2025-10-13T08:09:49: ✅ Socket.IO: Allowed origin: https://portal.aglis.biz.id
2025-10-13T08:09:50: ✅ Socket.IO: Allowed origin: https://portal.aglis.biz.id
2025-10-13T08:09:51: ✅ Socket.IO: Allowed origin: https://portal.aglis.biz.id
2025-10-13T08:09:51: ✅ Socket.IO: Allowed origin: https://portal.aglis.biz.id
2025-10-13T08:09:53: ✅ Socket.IO: Allowed origin: https://portal.aglis.biz.id
2025-10-13T08:09:54: ✅ Socket.IO: Allowed origin: https://portal.aglis.biz.id
2025-10-13T08:09:54: ✅ Socket.IO: Allowed origin: https://portal.aglis.biz.id
2025-10-13T08:09:55: ✅ Socket.IO: Allowed origin: https://portal.aglis.biz.id
2025-10-13T08:09:56: ✅ Socket.IO: Allowed origin: https://portal.aglis.biz.id
2025-10-13T08:09:57: ✅ Socket.IO: Allowed origin: https://portal.aglis.biz.id
2025-10-13T08:10:02: ✅ Socket.IO: Allowed origin: https://portal.aglis.biz.id
2025-10-13T08:10:03: ✅ Socket.IO: Allowed origin: https://portal.aglis.biz.id
2025-10-13T08:10:04: ✅ Socket.IO: Allowed origin: https://portal.aglis.biz.id
2025-10-13T08:10:05: ✅ Socket.IO: Allowed origin: https://portal.aglis.biz.id
2025-10-13T08:10:05: ✅ Socket.IO: Allowed origin: https://portal.aglis.biz.id
2025-10-13T08:10:07: ✅ Socket.IO: Allowed origin: https://portal.aglis.biz.id
2025-10-13T08:10:08: ✅ Socket.IO: Allowed origin: https://portal.aglis.biz.id
2025-10-13T08:10:08: ✅ Socket.IO: Allowed origin: https://portal.aglis.biz.id
2025-10-13T08:10:09: ✅ Socket.IO: Allowed origin: https://portal.aglis.biz.id
2025-10-13T08:10:10: ✅ Socket.IO: Allowed origin: https://portal.aglis.biz.id
2025-10-13T08:10:11: ✅ Socket.IO: Allowed origin: https://portal.aglis.biz.id
2025-10-13T08:10:12: ✅ Socket.IO: Allowed origin: https://portal.aglis.biz.id
2025-10-13T08:10:13: ✅ Connected to PostgreSQL database
2025-10-13T08:10:13: ✅ Connected to PostgreSQL database
2025-10-13T08:10:13: ✅ Connected to PostgreSQL database
2025-10-13T08:10:13: ✅ Connected to PostgreSQL database
2025-10-13T08:10:13: ✅ Connected to PostgreSQL database
2025-10-13T08:10:13: ✅ Connected to PostgreSQL database
2025-10-13T08:10:13: ✅ Connected to PostgreSQL database
2025-10-13T08:10:13: ✅ Connected to PostgreSQL database
2025-10-13T08:10:13: 127.0.0.1 - - [13/Oct/2025:01:10:13 +0000] "GET /api/analytics/dashboard/overview?timeframe=30 HTTP/1.1" 200 444 "https://portal.aglis.biz.id/dashboard" "Mozilla/5.0 (Macintosh; Intel Mac OS X 10_15_7) AppleWebKit/537.36 (KHTML, like Gecko) Chrome/141.0.0.0 Safari/537.36"
2025-10-13T08:10:27: ✅ Socket.IO: Allowed origin: https://portal.aglis.biz.id
2025-10-13T08:10:28: ✅ Socket.IO: Allowed origin: https://portal.aglis.biz.id
2025-10-13T08:10:29: ✅ Socket.IO: Allowed origin: https://portal.aglis.biz.id
2025-10-13T08:10:30: ✅ Socket.IO: Allowed origin: https://portal.aglis.biz.id
2025-10-13T08:10:31: ✅ Socket.IO: Allowed origin: https://portal.aglis.biz.id
2025-10-13T08:10:32: ✅ Socket.IO: Allowed origin: https://portal.aglis.biz.id
2025-10-13T08:10:33: ✅ Socket.IO: Allowed origin: https://portal.aglis.biz.id
2025-10-13T08:10:34: ✅ Socket.IO: Allowed origin: https://portal.aglis.biz.id
2025-10-13T08:10:35: ✅ Socket.IO: Allowed origin: https://portal.aglis.biz.id
2025-10-13T08:10:36: ✅ Socket.IO: Allowed origin: https://portal.aglis.biz.id
2025-10-13T08:10:37: ✅ Socket.IO: Allowed origin: https://portal.aglis.biz.id
2025-10-13T08:10:39: ✅ Socket.IO: Allowed origin: https://portal.aglis.biz.id
2025-10-13T08:10:40: ✅ Socket.IO: Allowed origin: https://portal.aglis.biz.id
2025-10-13T08:10:41: ✅ Socket.IO: Allowed origin: https://portal.aglis.biz.id
2025-10-13T08:10:42: ✅ Socket.IO: Allowed origin: https://portal.aglis.biz.id
2025-10-13T08:10:43: ✅ Connected to PostgreSQL database
2025-10-13T08:10:43: ✅ Connected to PostgreSQL database
2025-10-13T08:10:43: ✅ Connected to PostgreSQL database
2025-10-13T08:10:43: ✅ Connected to PostgreSQL database
2025-10-13T08:10:43: ✅ Connected to PostgreSQL database
2025-10-13T08:10:43: ✅ Connected to PostgreSQL database
2025-10-13T08:10:43: ✅ Connected to PostgreSQL database
2025-10-13T08:10:43: ✅ Connected to PostgreSQL database
2025-10-13T08:10:43: 127.0.0.1 - - [13/Oct/2025:01:10:43 +0000] "GET /api/analytics/dashboard/overview?timeframe=30 HTTP/1.1" 200 444 "https://portal.aglis.biz.id/dashboard" "Mozilla/5.0 (Macintosh; Intel Mac OS X 10_15_7) AppleWebKit/537.36 (KHTML, like Gecko) Chrome/141.0.0.0 Safari/537.36"
2025-10-13T08:10:58: ✅ Socket.IO: Allowed origin: https://portal.aglis.biz.id
2025-10-13T08:10:59: ✅ Socket.IO: Allowed origin: https://portal.aglis.biz.id
2025-10-13T08:11:00: ✅ Socket.IO: Allowed origin: https://portal.aglis.biz.id
2025-10-13T08:11:01: ✅ Socket.IO: Allowed origin: https://portal.aglis.biz.id
2025-10-13T08:11:02: ✅ Socket.IO: Allowed origin: https://portal.aglis.biz.id
2025-10-13T08:11:04: ✅ Socket.IO: Allowed origin: https://portal.aglis.biz.id
2025-10-13T08:11:05: ✅ Socket.IO: Allowed origin: https://portal.aglis.biz.id
2025-10-13T08:11:06: ✅ Socket.IO: Allowed origin: https://portal.aglis.biz.id
2025-10-13T08:11:07: ✅ Socket.IO: Allowed origin: https://portal.aglis.biz.id
2025-10-13T08:11:10: ✅ Socket.IO: Allowed origin: https://portal.aglis.biz.id
2025-10-13T08:11:11: ✅ Socket.IO: Allowed origin: https://portal.aglis.biz.id
2025-10-13T08:11:12: ✅ Socket.IO: Allowed origin: https://portal.aglis.biz.id
2025-10-13T08:11:13: ✅ Connected to PostgreSQL database
2025-10-13T08:11:13: ✅ Connected to PostgreSQL database
2025-10-13T08:11:13: ✅ Connected to PostgreSQL database
2025-10-13T08:11:13: ✅ Connected to PostgreSQL database
2025-10-13T08:11:13: ✅ Connected to PostgreSQL database
2025-10-13T08:11:13: ✅ Connected to PostgreSQL database
2025-10-13T08:11:13: ✅ Connected to PostgreSQL database
2025-10-13T08:11:13: ✅ Connected to PostgreSQL database
2025-10-13T08:11:13: 127.0.0.1 - - [13/Oct/2025:01:11:13 +0000] "GET /api/analytics/dashboard/overview?timeframe=30 HTTP/1.1" 200 444 "https://portal.aglis.biz.id/dashboard" "Mozilla/5.0 (Macintosh; Intel Mac OS X 10_15_7) AppleWebKit/537.36 (KHTML, like Gecko) Chrome/141.0.0.0 Safari/537.36"
2025-10-13T08:11:13: 127.0.0.1 - - [13/Oct/2025:01:11:13 +0000] "GET /api/analytics/dashboard/recent-activities?limit=50 HTTP/1.1" 200 26 "https://portal.aglis.biz.id/dashboard" "Mozilla/5.0 (Macintosh; Intel Mac OS X 10_15_7) AppleWebKit/537.36 (KHTML, like Gecko) Chrome/141.0.0.0 Safari/537.36"
2025-10-13T08:11:26: ✅ Socket.IO: Allowed origin: https://portal.aglis.biz.id
2025-10-13T08:11:27: ✅ Socket.IO: Allowed origin: https://portal.aglis.biz.id
2025-10-13T08:11:43: 127.0.0.1 - - [13/Oct/2025:01:11:43 +0000] "GET /api/notifications?page=1&limit=50&include_archived=false&is_read=false HTTP/1.1" 200 152 "https://portal.aglis.biz.id/dashboard" "Mozilla/5.0 (Macintosh; Intel Mac OS X 10_15_7) AppleWebKit/537.36 (KHTML, like Gecko) Chrome/141.0.0.0 Safari/537.36"
2025-10-13T08:11:44: ✅ Socket.IO: Allowed origin: https://portal.aglis.biz.id
2025-10-13T08:11:44: ✅ Socket.IO: Allowed origin: https://portal.aglis.biz.id
2025-10-13T08:11:45: ✅ Socket.IO: Allowed origin: https://portal.aglis.biz.id
2025-10-13T08:11:46: ✅ Socket.IO: Allowed origin: https://portal.aglis.biz.id
2025-10-13T08:11:47: ✅ Socket.IO: Allowed origin: https://portal.aglis.biz.id
2025-10-13T08:11:48: ✅ Socket.IO: Allowed origin: https://portal.aglis.biz.id
2025-10-13T08:11:49: ✅ Socket.IO: Allowed origin: https://portal.aglis.biz.id
2025-10-13T08:11:50: ✅ Socket.IO: Allowed origin: https://portal.aglis.biz.id
2025-10-13T08:11:51: ✅ Socket.IO: Allowed origin: https://portal.aglis.biz.id
2025-10-13T08:11:52: ✅ Socket.IO: Allowed origin: https://portal.aglis.biz.id
2025-10-13T08:11:53: ✅ Socket.IO: Allowed origin: https://portal.aglis.biz.id
2025-10-13T08:11:54: ✅ Socket.IO: Allowed origin: https://portal.aglis.biz.id
2025-10-13T08:11:54: ✅ Socket.IO: Allowed origin: https://portal.aglis.biz.id
2025-10-13T08:11:55: ✅ Socket.IO: Allowed origin: https://portal.aglis.biz.id
2025-10-13T08:11:58: ✅ Socket.IO: Allowed origin: https://portal.aglis.biz.id
2025-10-13T08:11:59: ✅ Socket.IO: Allowed origin: https://portal.aglis.biz.id
2025-10-13T08:12:00: ✅ Socket.IO: Allowed origin: https://portal.aglis.biz.id
2025-10-13T08:12:01: ✅ Socket.IO: Allowed origin: https://portal.aglis.biz.id
2025-10-13T08:12:02: ✅ Socket.IO: Allowed origin: https://portal.aglis.biz.id
2025-10-13T08:12:03: ✅ Socket.IO: Allowed origin: https://portal.aglis.biz.id
2025-10-13T08:12:04: ✅ Socket.IO: Allowed origin: https://portal.aglis.biz.id
2025-10-13T08:12:05: ✅ Socket.IO: Allowed origin: https://portal.aglis.biz.id
2025-10-13T08:12:06: ✅ Socket.IO: Allowed origin: https://portal.aglis.biz.id
2025-10-13T08:12:07: ✅ Socket.IO: Allowed origin: https://portal.aglis.biz.id
2025-10-13T08:12:09: ✅ Socket.IO: Allowed origin: https://portal.aglis.biz.id
2025-10-13T08:12:10: ✅ Socket.IO: Allowed origin: https://portal.aglis.biz.id
2025-10-13T08:12:11: ✅ Socket.IO: Allowed origin: https://portal.aglis.biz.id
2025-10-13T08:12:12: ✅ Socket.IO: Allowed origin: https://portal.aglis.biz.id
2025-10-13T08:12:13: ✅ Connected to PostgreSQL database
2025-10-13T08:12:13: ✅ Connected to PostgreSQL database
2025-10-13T08:12:13: ✅ Connected to PostgreSQL database
2025-10-13T08:12:13: ✅ Connected to PostgreSQL database
2025-10-13T08:12:13: ✅ Connected to PostgreSQL database
2025-10-13T08:12:13: ✅ Connected to PostgreSQL database
2025-10-13T08:12:13: ✅ Connected to PostgreSQL database
2025-10-13T08:12:13: ✅ Connected to PostgreSQL database
2025-10-13T08:12:13: 127.0.0.1 - - [13/Oct/2025:01:12:13 +0000] "GET /api/analytics/dashboard/overview?timeframe=30 HTTP/1.1" 200 444 "https://portal.aglis.biz.id/dashboard" "Mozilla/5.0 (Macintosh; Intel Mac OS X 10_15_7) AppleWebKit/537.36 (KHTML, like Gecko) Chrome/141.0.0.0 Safari/537.36"
2025-10-13T08:12:28: ✅ Socket.IO: Allowed origin: https://portal.aglis.biz.id
2025-10-13T08:12:30: ✅ Socket.IO: Allowed origin: https://portal.aglis.biz.id
2025-10-13T08:12:30: ✅ Socket.IO: Allowed origin: https://portal.aglis.biz.id
2025-10-13T08:12:31: ✅ Socket.IO: Allowed origin: https://portal.aglis.biz.id
2025-10-13T08:12:32: ✅ Socket.IO: Allowed origin: https://portal.aglis.biz.id
2025-10-13T08:12:33: ✅ Socket.IO: Allowed origin: https://portal.aglis.biz.id
2025-10-13T08:12:34: ✅ Socket.IO: Allowed origin: https://portal.aglis.biz.id
2025-10-13T08:12:36: ✅ Socket.IO: Allowed origin: https://portal.aglis.biz.id
2025-10-13T08:12:37: ✅ Socket.IO: Allowed origin: https://portal.aglis.biz.id
2025-10-13T08:12:38: ✅ Socket.IO: Allowed origin: https://portal.aglis.biz.id
2025-10-13T08:12:39: ✅ Socket.IO: Allowed origin: https://portal.aglis.biz.id
2025-10-13T08:12:40: ✅ Socket.IO: Allowed origin: https://portal.aglis.biz.id
2025-10-13T08:12:41: ✅ Socket.IO: Allowed origin: https://portal.aglis.biz.id
2025-10-13T08:12:42: ✅ Socket.IO: Allowed origin: https://portal.aglis.biz.id
2025-10-13T08:12:43: ✅ Connected to PostgreSQL database
2025-10-13T08:12:43: ✅ Connected to PostgreSQL database
2025-10-13T08:12:43: ✅ Connected to PostgreSQL database
2025-10-13T08:12:43: ✅ Connected to PostgreSQL database
2025-10-13T08:12:43: ✅ Connected to PostgreSQL database
2025-10-13T08:12:43: ✅ Connected to PostgreSQL database
2025-10-13T08:12:43: ✅ Connected to PostgreSQL database
2025-10-13T08:12:43: ✅ Connected to PostgreSQL database
2025-10-13T08:12:43: 127.0.0.1 - - [13/Oct/2025:01:12:43 +0000] "GET /api/analytics/dashboard/overview?timeframe=30 HTTP/1.1" 200 444 "https://portal.aglis.biz.id/dashboard" "Mozilla/5.0 (Macintosh; Intel Mac OS X 10_15_7) AppleWebKit/537.36 (KHTML, like Gecko) Chrome/141.0.0.0 Safari/537.36"
2025-10-13T08:12:58: ✅ Socket.IO: Allowed origin: https://portal.aglis.biz.id
2025-10-13T08:12:59: ✅ Socket.IO: Allowed origin: https://portal.aglis.biz.id
2025-10-13T08:13:00: ✅ Socket.IO: Allowed origin: https://portal.aglis.biz.id
2025-10-13T08:13:01: ✅ Socket.IO: Allowed origin: https://portal.aglis.biz.id
2025-10-13T08:13:03: ✅ Socket.IO: Allowed origin: https://portal.aglis.biz.id
2025-10-13T08:13:04: ✅ Socket.IO: Allowed origin: https://portal.aglis.biz.id
2025-10-13T08:13:05: ✅ Socket.IO: Allowed origin: https://portal.aglis.biz.id
2025-10-13T08:13:07: ✅ Socket.IO: Allowed origin: https://portal.aglis.biz.id
2025-10-13T08:13:08: ✅ Socket.IO: Allowed origin: https://portal.aglis.biz.id
2025-10-13T08:13:09: ✅ Socket.IO: Allowed origin: https://portal.aglis.biz.id
2025-10-13T08:13:10: ✅ Socket.IO: Allowed origin: https://portal.aglis.biz.id
2025-10-13T08:13:12: ✅ Socket.IO: Allowed origin: https://portal.aglis.biz.id
2025-10-13T08:13:13: ✅ Connected to PostgreSQL database
2025-10-13T08:13:13: ✅ Connected to PostgreSQL database
2025-10-13T08:13:13: ✅ Connected to PostgreSQL database
2025-10-13T08:13:13: ✅ Connected to PostgreSQL database
2025-10-13T08:13:13: ✅ Connected to PostgreSQL database
2025-10-13T08:13:13: ✅ Connected to PostgreSQL database
2025-10-13T08:13:13: ✅ Connected to PostgreSQL database
2025-10-13T08:13:13: ✅ Connected to PostgreSQL database
2025-10-13T08:13:13: 127.0.0.1 - - [13/Oct/2025:01:13:13 +0000] "GET /api/analytics/dashboard/overview?timeframe=30 HTTP/1.1" 200 444 "https://portal.aglis.biz.id/dashboard" "Mozilla/5.0 (Macintosh; Intel Mac OS X 10_15_7) AppleWebKit/537.36 (KHTML, like Gecko) Chrome/141.0.0.0 Safari/537.36"
2025-10-13T08:13:28: ✅ Socket.IO: Allowed origin: https://portal.aglis.biz.id
2025-10-13T08:13:29: ✅ Socket.IO: Allowed origin: https://portal.aglis.biz.id
2025-10-13T08:13:31: ✅ Socket.IO: Allowed origin: https://portal.aglis.biz.id
2025-10-13T08:13:32: ✅ Socket.IO: Allowed origin: https://portal.aglis.biz.id
2025-10-13T08:13:33: ✅ Socket.IO: Allowed origin: https://portal.aglis.biz.id
2025-10-13T08:13:34: ✅ Socket.IO: Allowed origin: https://portal.aglis.biz.id
2025-10-13T08:13:35: ✅ Socket.IO: Allowed origin: https://portal.aglis.biz.id
2025-10-13T08:13:36: ✅ Socket.IO: Allowed origin: https://portal.aglis.biz.id
2025-10-13T08:13:38: ✅ Socket.IO: Allowed origin: https://portal.aglis.biz.id
2025-10-13T08:13:39: ✅ Socket.IO: Allowed origin: https://portal.aglis.biz.id
2025-10-13T08:13:41: ✅ Socket.IO: Allowed origin: https://portal.aglis.biz.id
2025-10-13T08:13:41: ✅ Socket.IO: Allowed origin: https://portal.aglis.biz.id
2025-10-13T08:13:42: ✅ Socket.IO: Allowed origin: https://portal.aglis.biz.id
2025-10-13T08:13:43: ✅ Connected to PostgreSQL database
2025-10-13T08:13:43: ✅ Connected to PostgreSQL database
2025-10-13T08:13:43: ✅ Connected to PostgreSQL database
2025-10-13T08:13:43: ✅ Connected to PostgreSQL database
2025-10-13T08:13:43: ✅ Connected to PostgreSQL database
2025-10-13T08:13:43: ✅ Connected to PostgreSQL database
2025-10-13T08:13:43: ✅ Connected to PostgreSQL database
2025-10-13T08:13:43: ✅ Connected to PostgreSQL database
2025-10-13T08:13:43: 127.0.0.1 - - [13/Oct/2025:01:13:43 +0000] "GET /api/analytics/dashboard/overview?timeframe=30 HTTP/1.1" 200 444 "https://portal.aglis.biz.id/dashboard" "Mozilla/5.0 (Macintosh; Intel Mac OS X 10_15_7) AppleWebKit/537.36 (KHTML, like Gecko) Chrome/141.0.0.0 Safari/537.36"
2025-10-13T08:13:44: ✅ Socket.IO: Allowed origin: https://portal.aglis.biz.id
2025-10-13T08:13:46: ✅ Socket.IO: Allowed origin: https://portal.aglis.biz.id
2025-10-13T08:13:59: ✅ Socket.IO: Allowed origin: https://portal.aglis.biz.id
2025-10-13T08:14:00: ✅ Socket.IO: Allowed origin: https://portal.aglis.biz.id
2025-10-13T08:14:01: ✅ Socket.IO: Allowed origin: https://portal.aglis.biz.id
2025-10-13T08:14:02: ✅ Socket.IO: Allowed origin: https://portal.aglis.biz.id
2025-10-13T08:14:03: ✅ Socket.IO: Allowed origin: https://portal.aglis.biz.id
2025-10-13T08:14:04: ✅ Socket.IO: Allowed origin: https://portal.aglis.biz.id
2025-10-13T08:14:05: ✅ Socket.IO: Allowed origin: https://portal.aglis.biz.id
2025-10-13T08:14:06: ✅ Socket.IO: Allowed origin: https://portal.aglis.biz.id
2025-10-13T08:14:07: ✅ Socket.IO: Allowed origin: https://portal.aglis.biz.id
2025-10-13T08:14:08: ✅ Socket.IO: Allowed origin: https://portal.aglis.biz.id
2025-10-13T08:14:09: ✅ Socket.IO: Allowed origin: https://portal.aglis.biz.id
2025-10-13T08:14:10: ✅ Socket.IO: Allowed origin: https://portal.aglis.biz.id
2025-10-13T08:14:12: ✅ Socket.IO: Allowed origin: https://portal.aglis.biz.id
2025-10-13T08:14:12: ✅ Socket.IO: Allowed origin: https://portal.aglis.biz.id
2025-10-13T08:14:13: ✅ Connected to PostgreSQL database
2025-10-13T08:14:13: ✅ Connected to PostgreSQL database
2025-10-13T08:14:13: ✅ Connected to PostgreSQL database
2025-10-13T08:14:13: ✅ Connected to PostgreSQL database
2025-10-13T08:14:13: ✅ Connected to PostgreSQL database
2025-10-13T08:14:13: ✅ Connected to PostgreSQL database
2025-10-13T08:14:13: ✅ Connected to PostgreSQL database
2025-10-13T08:14:13: ✅ Connected to PostgreSQL database
2025-10-13T08:14:13: 127.0.0.1 - - [13/Oct/2025:01:14:13 +0000] "GET /api/analytics/dashboard/overview?timeframe=30 HTTP/1.1" 200 444 "https://portal.aglis.biz.id/dashboard" "Mozilla/5.0 (Macintosh; Intel Mac OS X 10_15_7) AppleWebKit/537.36 (KHTML, like Gecko) Chrome/141.0.0.0 Safari/537.36"
2025-10-13T08:14:15: ✅ Socket.IO: Allowed origin: https://portal.aglis.biz.id
2025-10-13T08:14:22: ✅ Socket.IO: Allowed origin: https://portal.aglis.biz.id
2025-10-13T08:14:30: ✅ Socket.IO: Allowed origin: https://portal.aglis.biz.id
2025-10-13T08:14:31: ✅ Socket.IO: Allowed origin: https://portal.aglis.biz.id
2025-10-13T08:14:31: ✅ Socket.IO: Allowed origin: https://portal.aglis.biz.id
2025-10-13T08:14:32: ✅ Socket.IO: Allowed origin: https://portal.aglis.biz.id
2025-10-13T08:14:33: ✅ Socket.IO: Allowed origin: https://portal.aglis.biz.id
2025-10-13T08:14:37: ✅ Socket.IO: Allowed origin: https://portal.aglis.biz.id
2025-10-13T08:14:43: ✅ Connected to PostgreSQL database
2025-10-13T08:14:43: 127.0.0.1 - - [13/Oct/2025:01:14:43 +0000] "GET /api/analytics/dashboard/recent-activities?limit=50 HTTP/1.1" 200 26 "https://portal.aglis.biz.id/dashboard" "Mozilla/5.0 (Macintosh; Intel Mac OS X 10_15_7) AppleWebKit/537.36 (KHTML, like Gecko) Chrome/141.0.0.0 Safari/537.36"
2025-10-13T08:14:43: ✅ Socket.IO: Allowed origin: https://portal.aglis.biz.id
2025-10-13T08:14:44: ✅ Socket.IO: Allowed origin: https://portal.aglis.biz.id
2025-10-13T08:14:46: ✅ Socket.IO: Allowed origin: https://portal.aglis.biz.id
2025-10-13T08:14:46: ✅ Socket.IO: Allowed origin: https://portal.aglis.biz.id
2025-10-13T08:14:48: ✅ Socket.IO: Allowed origin: https://portal.aglis.biz.id
2025-10-13T08:14:49: ✅ Socket.IO: Allowed origin: https://portal.aglis.biz.id
2025-10-13T08:14:50: ✅ Socket.IO: Allowed origin: https://portal.aglis.biz.id
2025-10-13T08:14:52: ✅ Socket.IO: Allowed origin: https://portal.aglis.biz.id
2025-10-13T08:14:53: ✅ Socket.IO: Allowed origin: https://portal.aglis.biz.id
2025-10-13T08:14:54: ✅ Socket.IO: Allowed origin: https://portal.aglis.biz.id
2025-10-13T08:14:55: ✅ Socket.IO: Allowed origin: https://portal.aglis.biz.id
2025-10-13T08:14:56: ✅ Socket.IO: Allowed origin: https://portal.aglis.biz.id
2025-10-13T08:14:57: ✅ Socket.IO: Allowed origin: https://portal.aglis.biz.id
2025-10-13T08:15:01: ✅ Socket.IO: Allowed origin: https://portal.aglis.biz.id
2025-10-13T08:15:03: ✅ Socket.IO: Allowed origin: https://portal.aglis.biz.id
2025-10-13T08:15:04: ✅ Socket.IO: Allowed origin: https://portal.aglis.biz.id
2025-10-13T08:15:04: ✅ Socket.IO: Allowed origin: https://portal.aglis.biz.id
2025-10-13T08:15:05: ✅ Socket.IO: Allowed origin: https://portal.aglis.biz.id
2025-10-13T08:15:07: ✅ Socket.IO: Allowed origin: https://portal.aglis.biz.id
2025-10-13T08:15:07: ✅ Socket.IO: Allowed origin: https://portal.aglis.biz.id
2025-10-13T08:15:08: ✅ Socket.IO: Allowed origin: https://portal.aglis.biz.id
2025-10-13T08:15:09: ✅ Socket.IO: Allowed origin: https://portal.aglis.biz.id
2025-10-13T08:15:11: ✅ Socket.IO: Allowed origin: https://portal.aglis.biz.id
2025-10-13T08:15:12: ✅ Socket.IO: Allowed origin: https://portal.aglis.biz.id
2025-10-13T08:15:13: ✅ Socket.IO: Allowed origin: https://portal.aglis.biz.id
2025-10-13T08:15:13: ✅ Connected to PostgreSQL database
2025-10-13T08:15:13: ✅ Connected to PostgreSQL database
2025-10-13T08:15:13: ✅ Connected to PostgreSQL database
2025-10-13T08:15:13: ✅ Connected to PostgreSQL database
2025-10-13T08:15:13: ✅ Connected to PostgreSQL database
2025-10-13T08:15:13: ✅ Connected to PostgreSQL database
2025-10-13T08:15:13: ✅ Connected to PostgreSQL database
2025-10-13T08:15:13: 127.0.0.1 - - [13/Oct/2025:01:15:13 +0000] "GET /api/analytics/dashboard/overview?timeframe=30 HTTP/1.1" 200 444 "https://portal.aglis.biz.id/dashboard" "Mozilla/5.0 (Macintosh; Intel Mac OS X 10_15_7) AppleWebKit/537.36 (KHTML, like Gecko) Chrome/141.0.0.0 Safari/537.36"
2025-10-13T08:15:28: ✅ Socket.IO: Allowed origin: https://portal.aglis.biz.id
2025-10-13T08:15:29: ✅ Socket.IO: Allowed origin: https://portal.aglis.biz.id
2025-10-13T08:15:31: ✅ Socket.IO: Allowed origin: https://portal.aglis.biz.id
2025-10-13T08:15:32: ✅ Socket.IO: Allowed origin: https://portal.aglis.biz.id
2025-10-13T08:15:33: ✅ Socket.IO: Allowed origin: https://portal.aglis.biz.id
2025-10-13T08:15:34: ✅ Socket.IO: Allowed origin: https://portal.aglis.biz.id
2025-10-13T08:15:35: ✅ Socket.IO: Allowed origin: https://portal.aglis.biz.id
2025-10-13T08:15:36: ✅ Socket.IO: Allowed origin: https://portal.aglis.biz.id
2025-10-13T08:15:37: ✅ Socket.IO: Allowed origin: https://portal.aglis.biz.id
2025-10-13T08:15:38: ✅ Socket.IO: Allowed origin: https://portal.aglis.biz.id
2025-10-13T08:15:39: ✅ Socket.IO: Allowed origin: https://portal.aglis.biz.id
2025-10-13T08:15:39: ✅ Socket.IO: Allowed origin: https://portal.aglis.biz.id
2025-10-13T08:15:41: ✅ Socket.IO: Allowed origin: https://portal.aglis.biz.id
2025-10-13T08:15:42: ✅ Socket.IO: Allowed origin: https://portal.aglis.biz.id
2025-10-13T08:15:43: ✅ Connected to PostgreSQL database
2025-10-13T08:15:43: ✅ Connected to PostgreSQL database
2025-10-13T08:15:43: ✅ Connected to PostgreSQL database
2025-10-13T08:15:43: ✅ Connected to PostgreSQL database
2025-10-13T08:15:43: ✅ Connected to PostgreSQL database
2025-10-13T08:15:43: ✅ Connected to PostgreSQL database
2025-10-13T08:15:43: ✅ Connected to PostgreSQL database
2025-10-13T08:15:43: ✅ Connected to PostgreSQL database
2025-10-13T08:15:43: 127.0.0.1 - - [13/Oct/2025:01:15:43 +0000] "GET /api/analytics/dashboard/overview?timeframe=30 HTTP/1.1" 200 444 "https://portal.aglis.biz.id/dashboard" "Mozilla/5.0 (Macintosh; Intel Mac OS X 10_15_7) AppleWebKit/537.36 (KHTML, like Gecko) Chrome/141.0.0.0 Safari/537.36"
2025-10-13T08:15:45: ✅ Socket.IO: Allowed origin: https://portal.aglis.biz.id
2025-10-13T08:15:58: ✅ Socket.IO: Allowed origin: https://portal.aglis.biz.id
2025-10-13T08:15:59: ✅ Socket.IO: Allowed origin: https://portal.aglis.biz.id
2025-10-13T08:16:00: ✅ Socket.IO: Allowed origin: https://portal.aglis.biz.id
2025-10-13T08:16:41: 127.0.0.1 - - [13/Oct/2025:01:16:41 +0000] "GET /api/health HTTP/1.0" 404 45 "-" "-"
2025-10-13T08:16:43: 127.0.0.1 - - [13/Oct/2025:01:16:43 +0000] "GET /api/health HTTP/1.0" 404 45 "-" "-"
2025-10-13T08:16:45: 127.0.0.1 - - [13/Oct/2025:01:16:45 +0000] "GET /api/health HTTP/1.0" 404 45 "-" "-"
2025-10-13T08:16:47: 127.0.0.1 - - [13/Oct/2025:01:16:47 +0000] "GET /api/health HTTP/1.0" 404 45 "-" "-"
2025-10-13T08:16:49: 127.0.0.1 - - [13/Oct/2025:01:16:49 +0000] "GET /api/health HTTP/1.0" 404 45 "-" "-"
2025-10-13T08:16:51: 127.0.0.1 - - [13/Oct/2025:01:16:51 +0000] "GET /api/health HTTP/1.0" 404 45 "-" "-"
2025-10-13T08:16:53: 127.0.0.1 - - [13/Oct/2025:01:16:53 +0000] "GET /api/health HTTP/1.0" 404 45 "-" "-"
2025-10-13T08:16:55: 127.0.0.1 - - [13/Oct/2025:01:16:55 +0000] "GET /api/health HTTP/1.0" 404 45 "-" "-"
2025-10-13T08:16:57: 127.0.0.1 - - [13/Oct/2025:01:16:57 +0000] "GET /api/health HTTP/1.0" 404 45 "-" "-"
2025-10-13T08:16:59: 127.0.0.1 - - [13/Oct/2025:01:16:59 +0000] "GET /api/health HTTP/1.0" 404 45 "-" "-"
2025-10-13T08:17:01: 127.0.0.1 - - [13/Oct/2025:01:17:01 +0000] "GET /api/health HTTP/1.0" 404 45 "-" "-"
2025-10-13T08:17:03: 127.0.0.1 - - [13/Oct/2025:01:17:03 +0000] "GET /api/health HTTP/1.0" 404 45 "-" "-"
2025-10-13T08:17:05: 127.0.0.1 - - [13/Oct/2025:01:17:05 +0000] "GET /api/health HTTP/1.0" 404 45 "-" "-"
2025-10-13T08:17:07: 127.0.0.1 - - [13/Oct/2025:01:17:07 +0000] "GET /api/health HTTP/1.0" 404 45 "-" "-"
2025-10-13T08:17:08: 127.0.0.1 - - [13/Oct/2025:01:17:08 +0000] "GET /api/health HTTP/1.1" 404 45 "-" "curl/7.81.0"
2025-10-13T08:17:09: 127.0.0.1 - - [13/Oct/2025:01:17:09 +0000] "GET /api/health HTTP/1.0" 404 45 "-" "-"
2025-10-13T08:17:11: 127.0.0.1 - - [13/Oct/2025:01:17:11 +0000] "GET /api/health HTTP/1.0" 404 45 "-" "-"
2025-10-13T08:17:13: 127.0.0.1 - - [13/Oct/2025:01:17:13 +0000] "GET /api/health HTTP/1.0" 404 45 "-" "-"
2025-10-13T08:17:15: 127.0.0.1 - - [13/Oct/2025:01:17:15 +0000] "GET /api/health HTTP/1.0" 404 45 "-" "-"
2025-10-13T08:17:17: 127.0.0.1 - - [13/Oct/2025:01:17:17 +0000] "GET /api/health HTTP/1.0" 404 45 "-" "-"
2025-10-13T08:17:19: 127.0.0.1 - - [13/Oct/2025:01:17:19 +0000] "GET /api/health HTTP/1.0" 404 45 "-" "-"
2025-10-13T08:17:21: 127.0.0.1 - - [13/Oct/2025:01:17:21 +0000] "GET /api/health HTTP/1.0" 404 45 "-" "-"
2025-10-13T08:17:23: 127.0.0.1 - - [13/Oct/2025:01:17:23 +0000] "GET /api/health HTTP/1.0" 404 45 "-" "-"
2025-10-13T08:17:25: 127.0.0.1 - - [13/Oct/2025:01:17:25 +0000] "GET /api/health HTTP/1.0" 404 45 "-" "-"
2025-10-13T08:17:27: 127.0.0.1 - - [13/Oct/2025:01:17:27 +0000] "GET /api/health HTTP/1.0" 404 45 "-" "-"
2025-10-13T08:17:29: 127.0.0.1 - - [13/Oct/2025:01:17:29 +0000] "GET /api/health HTTP/1.0" 404 45 "-" "-"
2025-10-13T08:17:31: 127.0.0.1 - - [13/Oct/2025:01:17:31 +0000] "GET /api/health HTTP/1.0" 404 45 "-" "-"
2025-10-13T08:17:33: 127.0.0.1 - - [13/Oct/2025:01:17:33 +0000] "GET /api/health HTTP/1.0" 404 45 "-" "-"
2025-10-13T08:17:35: 127.0.0.1 - - [13/Oct/2025:01:17:35 +0000] "GET /api/health HTTP/1.0" 404 45 "-" "-"
2025-10-13T08:17:37: 127.0.0.1 - - [13/Oct/2025:01:17:37 +0000] "GET /api/health HTTP/1.0" 404 45 "-" "-"
2025-10-13T08:17:39: 127.0.0.1 - - [13/Oct/2025:01:17:39 +0000] "GET /api/health HTTP/1.0" 404 45 "-" "-"
2025-10-13T08:17:46: ✅ Connected to PostgreSQL database
2025-10-13T08:17:46: ✅ Connected to PostgreSQL database
2025-10-13T08:17:46: ✅ Connected to PostgreSQL database
2025-10-13T08:17:46: ✅ Connected to PostgreSQL database
2025-10-13T08:17:46: ✅ Connected to PostgreSQL database
2025-10-13T08:17:46: ✅ Connected to PostgreSQL database
2025-10-13T08:17:46: ✅ Connected to PostgreSQL database
2025-10-13T08:17:46: ✅ Connected to PostgreSQL database
2025-10-13T08:17:46: 127.0.0.1 - - [13/Oct/2025:01:17:46 +0000] "GET /api/analytics/dashboard/overview?timeframe=30 HTTP/1.1" 200 444 "https://portal.aglis.biz.id/dashboard" "Mozilla/5.0 (Macintosh; Intel Mac OS X 10_15_7) AppleWebKit/537.36 (KHTML, like Gecko) Chrome/141.0.0.0 Safari/537.36"
2025-10-13T08:17:54: 127.0.0.1 - - [13/Oct/2025:01:17:54 +0000] "GET /api/notifications?page=1&limit=50&include_archived=false&is_read=false HTTP/1.1" 200 152 "https://portal.aglis.biz.id/dashboard" "Mozilla/5.0 (Macintosh; Intel Mac OS X 10_15_7) AppleWebKit/537.36 (KHTML, like Gecko) Chrome/141.0.0.0 Safari/537.36"
2025-10-13T08:17:54: ✅ Socket.IO: Allowed origin: https://portal.aglis.biz.id
2025-10-13T08:17:55: ✅ Socket.IO: Allowed origin: https://portal.aglis.biz.id
2025-10-13T08:17:56: ✅ Socket.IO: Allowed origin: https://portal.aglis.biz.id
2025-10-13T08:17:58: ✅ Socket.IO: Allowed origin: https://portal.aglis.biz.id
2025-10-13T08:17:59: ✅ Socket.IO: Allowed origin: https://portal.aglis.biz.id
2025-10-13T08:18:00: ✅ Socket.IO: Allowed origin: https://portal.aglis.biz.id
2025-10-13T08:18:01: ✅ Socket.IO: Allowed origin: https://portal.aglis.biz.id
2025-10-13T08:18:03: ✅ Socket.IO: Allowed origin: https://portal.aglis.biz.id
2025-10-13T08:18:04: ✅ Socket.IO: Allowed origin: https://portal.aglis.biz.id
2025-10-13T08:18:05: ✅ Socket.IO: Allowed origin: https://portal.aglis.biz.id
2025-10-13T08:18:06: ✅ Socket.IO: Allowed origin: https://portal.aglis.biz.id
2025-10-13T08:18:07: ✅ Socket.IO: Allowed origin: https://portal.aglis.biz.id
2025-10-13T08:18:08: ✅ Socket.IO: Allowed origin: https://portal.aglis.biz.id
2025-10-13T08:18:09: ✅ Socket.IO: Allowed origin: https://portal.aglis.biz.id
2025-10-13T08:18:10: ✅ Socket.IO: Allowed origin: https://portal.aglis.biz.id
2025-10-13T08:18:11: ✅ Socket.IO: Allowed origin: https://portal.aglis.biz.id
2025-10-13T08:18:12: ✅ Socket.IO: Allowed origin: https://portal.aglis.biz.id
2025-10-13T08:18:13: ✅ Socket.IO: Allowed origin: https://portal.aglis.biz.id
2025-10-13T08:18:15: ✅ Socket.IO: Allowed origin: https://portal.aglis.biz.id
2025-10-13T08:18:15: ✅ Socket.IO: Allowed origin: https://portal.aglis.biz.id
2025-10-13T08:18:16: ✅ Socket.IO: Allowed origin: https://portal.aglis.biz.id
2025-10-13T08:18:17: ✅ Socket.IO: Allowed origin: https://portal.aglis.biz.id
2025-10-13T08:18:18: ✅ Socket.IO: Allowed origin: https://portal.aglis.biz.id
2025-10-13T08:18:20: ✅ Socket.IO: Allowed origin: https://portal.aglis.biz.id
2025-10-13T08:18:21: ✅ Socket.IO: Allowed origin: https://portal.aglis.biz.id
2025-10-13T08:18:21: ✅ Socket.IO: Allowed origin: https://portal.aglis.biz.id
2025-10-13T08:18:23: ✅ Socket.IO: Allowed origin: https://portal.aglis.biz.id
2025-10-13T08:18:23: ✅ Socket.IO: Allowed origin: https://portal.aglis.biz.id
2025-10-13T08:18:24: ✅ Connected to PostgreSQL database
2025-10-13T08:18:24: ✅ Connected to PostgreSQL database
2025-10-13T08:18:24: ✅ Connected to PostgreSQL database
2025-10-13T08:18:24: ✅ Connected to PostgreSQL database
2025-10-13T08:18:24: ✅ Connected to PostgreSQL database
2025-10-13T08:18:24: ✅ Connected to PostgreSQL database
2025-10-13T08:18:24: ✅ Connected to PostgreSQL database
2025-10-13T08:18:24: ✅ Connected to PostgreSQL database
2025-10-13T08:18:24: 127.0.0.1 - - [13/Oct/2025:01:18:24 +0000] "GET /api/analytics/dashboard/overview?timeframe=30 HTTP/1.1" 200 444 "https://portal.aglis.biz.id/dashboard" "Mozilla/5.0 (Macintosh; Intel Mac OS X 10_15_7) AppleWebKit/537.36 (KHTML, like Gecko) Chrome/141.0.0.0 Safari/537.36"
2025-10-13T08:18:40: ✅ Socket.IO: Allowed origin: https://portal.aglis.biz.id
2025-10-13T08:18:41: ✅ Socket.IO: Allowed origin: https://portal.aglis.biz.id
2025-10-13T08:18:42: ✅ Socket.IO: Allowed origin: https://portal.aglis.biz.id
2025-10-13T08:18:43: ✅ Socket.IO: Allowed origin: https://portal.aglis.biz.id
2025-10-13T08:18:44: ✅ Socket.IO: Allowed origin: https://portal.aglis.biz.id
2025-10-13T08:18:46: ✅ Socket.IO: Allowed origin: https://portal.aglis.biz.id
2025-10-13T08:18:47: ✅ Socket.IO: Allowed origin: https://portal.aglis.biz.id
2025-10-13T08:18:48: ✅ Socket.IO: Allowed origin: https://portal.aglis.biz.id
2025-10-13T08:18:49: ✅ Socket.IO: Allowed origin: https://portal.aglis.biz.id
2025-10-13T08:18:50: ✅ Socket.IO: Allowed origin: https://portal.aglis.biz.id
2025-10-13T08:18:52: ✅ Socket.IO: Allowed origin: https://portal.aglis.biz.id
2025-10-13T08:18:52: ✅ Socket.IO: Allowed origin: https://portal.aglis.biz.id
2025-10-13T08:18:54: ✅ Socket.IO: Allowed origin: https://portal.aglis.biz.id
2025-10-13T08:18:54: ✅ Connected to PostgreSQL database
2025-10-13T08:18:54: ✅ Connected to PostgreSQL database
2025-10-13T08:18:54: ✅ Connected to PostgreSQL database
2025-10-13T08:18:54: ✅ Connected to PostgreSQL database
2025-10-13T08:18:54: ✅ Connected to PostgreSQL database
2025-10-13T08:18:54: ✅ Connected to PostgreSQL database
2025-10-13T08:18:54: ✅ Connected to PostgreSQL database
2025-10-13T08:18:54: ✅ Connected to PostgreSQL database
2025-10-13T08:18:54: 127.0.0.1 - - [13/Oct/2025:01:18:54 +0000] "GET /api/analytics/dashboard/overview?timeframe=30 HTTP/1.1" 200 444 "https://portal.aglis.biz.id/dashboard" "Mozilla/5.0 (Macintosh; Intel Mac OS X 10_15_7) AppleWebKit/537.36 (KHTML, like Gecko) Chrome/141.0.0.0 Safari/537.36"
2025-10-13T08:19:09: ✅ Socket.IO: Allowed origin: https://portal.aglis.biz.id
